Start testing: Jul 16 06:14 UTC
----------------------------------------------------------
1/254 Testing: DynamicArrayInsertTest.InsertElementAtMiddle
1/254 Test: DynamicArrayInsertTest.InsertElementAtMiddle
Command: "/mnt/c/Users/suman/Desktop/DS_Library/build/DynamicArrayTesting" "--gtest_filter=DynamicArrayInsertTest.InsertElementAtMiddle" "--gtest_also_run_disabled_tests"
Directory: /mnt/c/Users/suman/Desktop/DS_Library/build
"DynamicArrayInsertTest.InsertElementAtMiddle" start time: Jul 16 06:14 UTC
Output:
----------------------------------------------------------
Running main() from ./googletest/src/gtest_main.cc
Note: Google Test filter = DynamicArrayInsertTest.InsertElementAtMiddle
[==========] Running 1 test from 1 test suite.
[----------] Global test environment set-up.
[----------] 1 test from DynamicArrayInsertTest
[ RUN      ] DynamicArrayInsertTest.InsertElementAtMiddle
[       OK ] DynamicArrayInsertTest.InsertElementAtMiddle (0 ms)
[----------] 1 test from DynamicArrayInsertTest (0 ms total)

[----------] Global test environment tear-down
[==========] 1 test from 1 test suite ran. (0 ms total)
[  PASSED  ] 1 test.
<end of output>
Test time =   0.01 sec
----------------------------------------------------------
Test Passed.
"DynamicArrayInsertTest.InsertElementAtMiddle" end time: Jul 16 06:14 UTC
"DynamicArrayInsertTest.InsertElementAtMiddle" time elapsed: 00:00:00
----------------------------------------------------------

2/254 Testing: DynamicArrayInsertTest.InsertElementAtBeginning
2/254 Test: DynamicArrayInsertTest.InsertElementAtBeginning
Command: "/mnt/c/Users/suman/Desktop/DS_Library/build/DynamicArrayTesting" "--gtest_filter=DynamicArrayInsertTest.InsertElementAtBeginning" "--gtest_also_run_disabled_tests"
Directory: /mnt/c/Users/suman/Desktop/DS_Library/build
"DynamicArrayInsertTest.InsertElementAtBeginning" start time: Jul 16 06:14 UTC
Output:
----------------------------------------------------------
Running main() from ./googletest/src/gtest_main.cc
Note: Google Test filter = DynamicArrayInsertTest.InsertElementAtBeginning
[==========] Running 1 test from 1 test suite.
[----------] Global test environment set-up.
[----------] 1 test from DynamicArrayInsertTest
[ RUN      ] DynamicArrayInsertTest.InsertElementAtBeginning
[       OK ] DynamicArrayInsertTest.InsertElementAtBeginning (0 ms)
[----------] 1 test from DynamicArrayInsertTest (0 ms total)

[----------] Global test environment tear-down
[==========] 1 test from 1 test suite ran. (0 ms total)
[  PASSED  ] 1 test.
<end of output>
Test time =   0.01 sec
----------------------------------------------------------
Test Passed.
"DynamicArrayInsertTest.InsertElementAtBeginning" end time: Jul 16 06:14 UTC
"DynamicArrayInsertTest.InsertElementAtBeginning" time elapsed: 00:00:00
----------------------------------------------------------

3/254 Testing: DynamicArrayInsertTest.InsertElementAtEnd
3/254 Test: DynamicArrayInsertTest.InsertElementAtEnd
Command: "/mnt/c/Users/suman/Desktop/DS_Library/build/DynamicArrayTesting" "--gtest_filter=DynamicArrayInsertTest.InsertElementAtEnd" "--gtest_also_run_disabled_tests"
Directory: /mnt/c/Users/suman/Desktop/DS_Library/build
"DynamicArrayInsertTest.InsertElementAtEnd" start time: Jul 16 06:14 UTC
Output:
----------------------------------------------------------
Running main() from ./googletest/src/gtest_main.cc
Note: Google Test filter = DynamicArrayInsertTest.InsertElementAtEnd
[==========] Running 1 test from 1 test suite.
[----------] Global test environment set-up.
[----------] 1 test from DynamicArrayInsertTest
[ RUN      ] DynamicArrayInsertTest.InsertElementAtEnd
[       OK ] DynamicArrayInsertTest.InsertElementAtEnd (0 ms)
[----------] 1 test from DynamicArrayInsertTest (0 ms total)

[----------] Global test environment tear-down
[==========] 1 test from 1 test suite ran. (0 ms total)
[  PASSED  ] 1 test.
<end of output>
Test time =   0.02 sec
----------------------------------------------------------
Test Passed.
"DynamicArrayInsertTest.InsertElementAtEnd" end time: Jul 16 06:14 UTC
"DynamicArrayInsertTest.InsertElementAtEnd" time elapsed: 00:00:00
----------------------------------------------------------

4/254 Testing: DynamicArrayInsertTest.InsertMultipleElements
4/254 Test: DynamicArrayInsertTest.InsertMultipleElements
Command: "/mnt/c/Users/suman/Desktop/DS_Library/build/DynamicArrayTesting" "--gtest_filter=DynamicArrayInsertTest.InsertMultipleElements" "--gtest_also_run_disabled_tests"
Directory: /mnt/c/Users/suman/Desktop/DS_Library/build
"DynamicArrayInsertTest.InsertMultipleElements" start time: Jul 16 06:14 UTC
Output:
----------------------------------------------------------
Running main() from ./googletest/src/gtest_main.cc
Note: Google Test filter = DynamicArrayInsertTest.InsertMultipleElements
[==========] Running 1 test from 1 test suite.
[----------] Global test environment set-up.
[----------] 1 test from DynamicArrayInsertTest
[ RUN      ] DynamicArrayInsertTest.InsertMultipleElements
[       OK ] DynamicArrayInsertTest.InsertMultipleElements (0 ms)
[----------] 1 test from DynamicArrayInsertTest (0 ms total)

[----------] Global test environment tear-down
[==========] 1 test from 1 test suite ran. (0 ms total)
[  PASSED  ] 1 test.
<end of output>
Test time =   0.01 sec
----------------------------------------------------------
Test Passed.
"DynamicArrayInsertTest.InsertMultipleElements" end time: Jul 16 06:14 UTC
"DynamicArrayInsertTest.InsertMultipleElements" time elapsed: 00:00:00
----------------------------------------------------------

5/254 Testing: DynamicArrayConstructorTest.DefaultConstructorInitialState
5/254 Test: DynamicArrayConstructorTest.DefaultConstructorInitialState
Command: "/mnt/c/Users/suman/Desktop/DS_Library/build/DynamicArrayTesting" "--gtest_filter=DynamicArrayConstructorTest.DefaultConstructorInitialState" "--gtest_also_run_disabled_tests"
Directory: /mnt/c/Users/suman/Desktop/DS_Library/build
"DynamicArrayConstructorTest.DefaultConstructorInitialState" start time: Jul 16 06:14 UTC
Output:
----------------------------------------------------------
Running main() from ./googletest/src/gtest_main.cc
Note: Google Test filter = DynamicArrayConstructorTest.DefaultConstructorInitialState
[==========] Running 1 test from 1 test suite.
[----------] Global test environment set-up.
[----------] 1 test from DynamicArrayConstructorTest
[ RUN      ] DynamicArrayConstructorTest.DefaultConstructorInitialState
[       OK ] DynamicArrayConstructorTest.DefaultConstructorInitialState (0 ms)
[----------] 1 test from DynamicArrayConstructorTest (0 ms total)

[----------] Global test environment tear-down
[==========] 1 test from 1 test suite ran. (0 ms total)
[  PASSED  ] 1 test.
<end of output>
Test time =   0.01 sec
----------------------------------------------------------
Test Passed.
"DynamicArrayConstructorTest.DefaultConstructorInitialState" end time: Jul 16 06:14 UTC
"DynamicArrayConstructorTest.DefaultConstructorInitialState" time elapsed: 00:00:00
----------------------------------------------------------

6/254 Testing: DynamicArrayConstructorTest.CanInsertAfterConstruction
6/254 Test: DynamicArrayConstructorTest.CanInsertAfterConstruction
Command: "/mnt/c/Users/suman/Desktop/DS_Library/build/DynamicArrayTesting" "--gtest_filter=DynamicArrayConstructorTest.CanInsertAfterConstruction" "--gtest_also_run_disabled_tests"
Directory: /mnt/c/Users/suman/Desktop/DS_Library/build
"DynamicArrayConstructorTest.CanInsertAfterConstruction" start time: Jul 16 06:14 UTC
Output:
----------------------------------------------------------
Running main() from ./googletest/src/gtest_main.cc
Note: Google Test filter = DynamicArrayConstructorTest.CanInsertAfterConstruction
[==========] Running 1 test from 1 test suite.
[----------] Global test environment set-up.
[----------] 1 test from DynamicArrayConstructorTest
[ RUN      ] DynamicArrayConstructorTest.CanInsertAfterConstruction
[       OK ] DynamicArrayConstructorTest.CanInsertAfterConstruction (0 ms)
[----------] 1 test from DynamicArrayConstructorTest (0 ms total)

[----------] Global test environment tear-down
[==========] 1 test from 1 test suite ran. (0 ms total)
[  PASSED  ] 1 test.
<end of output>
Test time =   0.01 sec
----------------------------------------------------------
Test Passed.
"DynamicArrayConstructorTest.CanInsertAfterConstruction" end time: Jul 16 06:14 UTC
"DynamicArrayConstructorTest.CanInsertAfterConstruction" time elapsed: 00:00:00
----------------------------------------------------------

7/254 Testing: DynamicArrayConstructorTest.CapacityGrowthAfterConstruction
7/254 Test: DynamicArrayConstructorTest.CapacityGrowthAfterConstruction
Command: "/mnt/c/Users/suman/Desktop/DS_Library/build/DynamicArrayTesting" "--gtest_filter=DynamicArrayConstructorTest.CapacityGrowthAfterConstruction" "--gtest_also_run_disabled_tests"
Directory: /mnt/c/Users/suman/Desktop/DS_Library/build
"DynamicArrayConstructorTest.CapacityGrowthAfterConstruction" start time: Jul 16 06:14 UTC
Output:
----------------------------------------------------------
Running main() from ./googletest/src/gtest_main.cc
Note: Google Test filter = DynamicArrayConstructorTest.CapacityGrowthAfterConstruction
[==========] Running 1 test from 1 test suite.
[----------] Global test environment set-up.
[----------] 1 test from DynamicArrayConstructorTest
[ RUN      ] DynamicArrayConstructorTest.CapacityGrowthAfterConstruction
[       OK ] DynamicArrayConstructorTest.CapacityGrowthAfterConstruction (0 ms)
[----------] 1 test from DynamicArrayConstructorTest (0 ms total)

[----------] Global test environment tear-down
[==========] 1 test from 1 test suite ran. (0 ms total)
[  PASSED  ] 1 test.
<end of output>
Test time =   0.01 sec
----------------------------------------------------------
Test Passed.
"DynamicArrayConstructorTest.CapacityGrowthAfterConstruction" end time: Jul 16 06:14 UTC
"DynamicArrayConstructorTest.CapacityGrowthAfterConstruction" time elapsed: 00:00:00
----------------------------------------------------------

8/254 Testing: DynamicArrayConstructorTest.WorksWithStringType
8/254 Test: DynamicArrayConstructorTest.WorksWithStringType
Command: "/mnt/c/Users/suman/Desktop/DS_Library/build/DynamicArrayTesting" "--gtest_filter=DynamicArrayConstructorTest.WorksWithStringType" "--gtest_also_run_disabled_tests"
Directory: /mnt/c/Users/suman/Desktop/DS_Library/build
"DynamicArrayConstructorTest.WorksWithStringType" start time: Jul 16 06:14 UTC
Output:
----------------------------------------------------------
Running main() from ./googletest/src/gtest_main.cc
Note: Google Test filter = DynamicArrayConstructorTest.WorksWithStringType
[==========] Running 1 test from 1 test suite.
[----------] Global test environment set-up.
[----------] 1 test from DynamicArrayConstructorTest
[ RUN      ] DynamicArrayConstructorTest.WorksWithStringType
[       OK ] DynamicArrayConstructorTest.WorksWithStringType (0 ms)
[----------] 1 test from DynamicArrayConstructorTest (0 ms total)

[----------] Global test environment tear-down
[==========] 1 test from 1 test suite ran. (0 ms total)
[  PASSED  ] 1 test.
<end of output>
Test time =   0.01 sec
----------------------------------------------------------
Test Passed.
"DynamicArrayConstructorTest.WorksWithStringType" end time: Jul 16 06:14 UTC
"DynamicArrayConstructorTest.WorksWithStringType" time elapsed: 00:00:00
----------------------------------------------------------

9/254 Testing: DynamicArrayConstructorTest.WorksWithUserDefinedType
9/254 Test: DynamicArrayConstructorTest.WorksWithUserDefinedType
Command: "/mnt/c/Users/suman/Desktop/DS_Library/build/DynamicArrayTesting" "--gtest_filter=DynamicArrayConstructorTest.WorksWithUserDefinedType" "--gtest_also_run_disabled_tests"
Directory: /mnt/c/Users/suman/Desktop/DS_Library/build
"DynamicArrayConstructorTest.WorksWithUserDefinedType" start time: Jul 16 06:14 UTC
Output:
----------------------------------------------------------
Running main() from ./googletest/src/gtest_main.cc
Note: Google Test filter = DynamicArrayConstructorTest.WorksWithUserDefinedType
[==========] Running 1 test from 1 test suite.
[----------] Global test environment set-up.
[----------] 1 test from DynamicArrayConstructorTest
[ RUN      ] DynamicArrayConstructorTest.WorksWithUserDefinedType
[       OK ] DynamicArrayConstructorTest.WorksWithUserDefinedType (0 ms)
[----------] 1 test from DynamicArrayConstructorTest (0 ms total)

[----------] Global test environment tear-down
[==========] 1 test from 1 test suite ran. (0 ms total)
[  PASSED  ] 1 test.
<end of output>
Test time =   0.02 sec
----------------------------------------------------------
Test Passed.
"DynamicArrayConstructorTest.WorksWithUserDefinedType" end time: Jul 16 06:14 UTC
"DynamicArrayConstructorTest.WorksWithUserDefinedType" time elapsed: 00:00:00
----------------------------------------------------------

10/254 Testing: DynamicArrayDestructorTest.EmptyArrayDestructor
10/254 Test: DynamicArrayDestructorTest.EmptyArrayDestructor
Command: "/mnt/c/Users/suman/Desktop/DS_Library/build/DynamicArrayTesting" "--gtest_filter=DynamicArrayDestructorTest.EmptyArrayDestructor" "--gtest_also_run_disabled_tests"
Directory: /mnt/c/Users/suman/Desktop/DS_Library/build
"DynamicArrayDestructorTest.EmptyArrayDestructor" start time: Jul 16 06:14 UTC
Output:
----------------------------------------------------------
Running main() from ./googletest/src/gtest_main.cc
Note: Google Test filter = DynamicArrayDestructorTest.EmptyArrayDestructor
[==========] Running 1 test from 1 test suite.
[----------] Global test environment set-up.
[----------] 1 test from DynamicArrayDestructorTest
[ RUN      ] DynamicArrayDestructorTest.EmptyArrayDestructor
[       OK ] DynamicArrayDestructorTest.EmptyArrayDestructor (0 ms)
[----------] 1 test from DynamicArrayDestructorTest (0 ms total)

[----------] Global test environment tear-down
[==========] 1 test from 1 test suite ran. (0 ms total)
[  PASSED  ] 1 test.
<end of output>
Test time =   0.01 sec
----------------------------------------------------------
Test Passed.
"DynamicArrayDestructorTest.EmptyArrayDestructor" end time: Jul 16 06:14 UTC
"DynamicArrayDestructorTest.EmptyArrayDestructor" time elapsed: 00:00:00
----------------------------------------------------------

11/254 Testing: DynamicArrayDestructorTest.CallsDestructorForEveryElement
11/254 Test: DynamicArrayDestructorTest.CallsDestructorForEveryElement
Command: "/mnt/c/Users/suman/Desktop/DS_Library/build/DynamicArrayTesting" "--gtest_filter=DynamicArrayDestructorTest.CallsDestructorForEveryElement" "--gtest_also_run_disabled_tests"
Directory: /mnt/c/Users/suman/Desktop/DS_Library/build
"DynamicArrayDestructorTest.CallsDestructorForEveryElement" start time: Jul 16 06:14 UTC
Output:
----------------------------------------------------------
Running main() from ./googletest/src/gtest_main.cc
Note: Google Test filter = DynamicArrayDestructorTest.CallsDestructorForEveryElement
[==========] Running 1 test from 1 test suite.
[----------] Global test environment set-up.
[----------] 1 test from DynamicArrayDestructorTest
[ RUN      ] DynamicArrayDestructorTest.CallsDestructorForEveryElement
[       OK ] DynamicArrayDestructorTest.CallsDestructorForEveryElement (0 ms)
[----------] 1 test from DynamicArrayDestructorTest (0 ms total)

[----------] Global test environment tear-down
[==========] 1 test from 1 test suite ran. (0 ms total)
[  PASSED  ] 1 test.
<end of output>
Test time =   0.01 sec
----------------------------------------------------------
Test Passed.
"DynamicArrayDestructorTest.CallsDestructorForEveryElement" end time: Jul 16 06:14 UTC
"DynamicArrayDestructorTest.CallsDestructorForEveryElement" time elapsed: 00:00:00
----------------------------------------------------------

12/254 Testing: DynamicArrayDestructorTest.HandlesLargeNumberOfElements
12/254 Test: DynamicArrayDestructorTest.HandlesLargeNumberOfElements
Command: "/mnt/c/Users/suman/Desktop/DS_Library/build/DynamicArrayTesting" "--gtest_filter=DynamicArrayDestructorTest.HandlesLargeNumberOfElements" "--gtest_also_run_disabled_tests"
Directory: /mnt/c/Users/suman/Desktop/DS_Library/build
"DynamicArrayDestructorTest.HandlesLargeNumberOfElements" start time: Jul 16 06:14 UTC
Output:
----------------------------------------------------------
Running main() from ./googletest/src/gtest_main.cc
Note: Google Test filter = DynamicArrayDestructorTest.HandlesLargeNumberOfElements
[==========] Running 1 test from 1 test suite.
[----------] Global test environment set-up.
[----------] 1 test from DynamicArrayDestructorTest
[ RUN      ] DynamicArrayDestructorTest.HandlesLargeNumberOfElements
[       OK ] DynamicArrayDestructorTest.HandlesLargeNumberOfElements (0 ms)
[----------] 1 test from DynamicArrayDestructorTest (0 ms total)

[----------] Global test environment tear-down
[==========] 1 test from 1 test suite ran. (0 ms total)
[  PASSED  ] 1 test.
<end of output>
Test time =   0.01 sec
----------------------------------------------------------
Test Passed.
"DynamicArrayDestructorTest.HandlesLargeNumberOfElements" end time: Jul 16 06:14 UTC
"DynamicArrayDestructorTest.HandlesLargeNumberOfElements" time elapsed: 00:00:00
----------------------------------------------------------

13/254 Testing: DynamicArrayDestructorTest.DestructorAfterCopyConstructor
13/254 Test: DynamicArrayDestructorTest.DestructorAfterCopyConstructor
Command: "/mnt/c/Users/suman/Desktop/DS_Library/build/DynamicArrayTesting" "--gtest_filter=DynamicArrayDestructorTest.DestructorAfterCopyConstructor" "--gtest_also_run_disabled_tests"
Directory: /mnt/c/Users/suman/Desktop/DS_Library/build
"DynamicArrayDestructorTest.DestructorAfterCopyConstructor" start time: Jul 16 06:14 UTC
Output:
----------------------------------------------------------
Running main() from ./googletest/src/gtest_main.cc
Note: Google Test filter = DynamicArrayDestructorTest.DestructorAfterCopyConstructor
[==========] Running 1 test from 1 test suite.
[----------] Global test environment set-up.
[----------] 1 test from DynamicArrayDestructorTest
[ RUN      ] DynamicArrayDestructorTest.DestructorAfterCopyConstructor
[       OK ] DynamicArrayDestructorTest.DestructorAfterCopyConstructor (0 ms)
[----------] 1 test from DynamicArrayDestructorTest (0 ms total)

[----------] Global test environment tear-down
[==========] 1 test from 1 test suite ran. (0 ms total)
[  PASSED  ] 1 test.
<end of output>
Test time =   0.01 sec
----------------------------------------------------------
Test Passed.
"DynamicArrayDestructorTest.DestructorAfterCopyConstructor" end time: Jul 16 06:14 UTC
"DynamicArrayDestructorTest.DestructorAfterCopyConstructor" time elapsed: 00:00:00
----------------------------------------------------------

14/254 Testing: DynamicArrayDestructorTest.DestructorAfterAssignment
14/254 Test: DynamicArrayDestructorTest.DestructorAfterAssignment
Command: "/mnt/c/Users/suman/Desktop/DS_Library/build/DynamicArrayTesting" "--gtest_filter=DynamicArrayDestructorTest.DestructorAfterAssignment" "--gtest_also_run_disabled_tests"
Directory: /mnt/c/Users/suman/Desktop/DS_Library/build
"DynamicArrayDestructorTest.DestructorAfterAssignment" start time: Jul 16 06:14 UTC
Output:
----------------------------------------------------------
Running main() from ./googletest/src/gtest_main.cc
Note: Google Test filter = DynamicArrayDestructorTest.DestructorAfterAssignment
[==========] Running 1 test from 1 test suite.
[----------] Global test environment set-up.
[----------] 1 test from DynamicArrayDestructorTest
[ RUN      ] DynamicArrayDestructorTest.DestructorAfterAssignment
[       OK ] DynamicArrayDestructorTest.DestructorAfterAssignment (0 ms)
[----------] 1 test from DynamicArrayDestructorTest (0 ms total)

[----------] Global test environment tear-down
[==========] 1 test from 1 test suite ran. (0 ms total)
[  PASSED  ] 1 test.
<end of output>
Test time =   0.01 sec
----------------------------------------------------------
Test Passed.
"DynamicArrayDestructorTest.DestructorAfterAssignment" end time: Jul 16 06:14 UTC
"DynamicArrayDestructorTest.DestructorAfterAssignment" time elapsed: 00:00:00
----------------------------------------------------------

15/254 Testing: DynamicArrayDestructorTest.MultipleObjectsDestroySafely
15/254 Test: DynamicArrayDestructorTest.MultipleObjectsDestroySafely
Command: "/mnt/c/Users/suman/Desktop/DS_Library/build/DynamicArrayTesting" "--gtest_filter=DynamicArrayDestructorTest.MultipleObjectsDestroySafely" "--gtest_also_run_disabled_tests"
Directory: /mnt/c/Users/suman/Desktop/DS_Library/build
"DynamicArrayDestructorTest.MultipleObjectsDestroySafely" start time: Jul 16 06:14 UTC
Output:
----------------------------------------------------------
Running main() from ./googletest/src/gtest_main.cc
Note: Google Test filter = DynamicArrayDestructorTest.MultipleObjectsDestroySafely
[==========] Running 1 test from 1 test suite.
[----------] Global test environment set-up.
[----------] 1 test from DynamicArrayDestructorTest
[ RUN      ] DynamicArrayDestructorTest.MultipleObjectsDestroySafely
[       OK ] DynamicArrayDestructorTest.MultipleObjectsDestroySafely (0 ms)
[----------] 1 test from DynamicArrayDestructorTest (0 ms total)

[----------] Global test environment tear-down
[==========] 1 test from 1 test suite ran. (0 ms total)
[  PASSED  ] 1 test.
<end of output>
Test time =   0.01 sec
----------------------------------------------------------
Test Passed.
"DynamicArrayDestructorTest.MultipleObjectsDestroySafely" end time: Jul 16 06:14 UTC
"DynamicArrayDestructorTest.MultipleObjectsDestroySafely" time elapsed: 00:00:00
----------------------------------------------------------

16/254 Testing: DynamicArrayPushBackTest.InsertMultipleElements
16/254 Test: DynamicArrayPushBackTest.InsertMultipleElements
Command: "/mnt/c/Users/suman/Desktop/DS_Library/build/DynamicArrayTesting" "--gtest_filter=DynamicArrayPushBackTest.InsertMultipleElements" "--gtest_also_run_disabled_tests"
Directory: /mnt/c/Users/suman/Desktop/DS_Library/build
"DynamicArrayPushBackTest.InsertMultipleElements" start time: Jul 16 06:14 UTC
Output:
----------------------------------------------------------
Running main() from ./googletest/src/gtest_main.cc
Note: Google Test filter = DynamicArrayPushBackTest.InsertMultipleElements
[==========] Running 1 test from 1 test suite.
[----------] Global test environment set-up.
[----------] 1 test from DynamicArrayPushBackTest
[ RUN      ] DynamicArrayPushBackTest.InsertMultipleElements
[       OK ] DynamicArrayPushBackTest.InsertMultipleElements (0 ms)
[----------] 1 test from DynamicArrayPushBackTest (0 ms total)

[----------] Global test environment tear-down
[==========] 1 test from 1 test suite ran. (0 ms total)
[  PASSED  ] 1 test.
<end of output>
Test time =   0.01 sec
----------------------------------------------------------
Test Passed.
"DynamicArrayPushBackTest.InsertMultipleElements" end time: Jul 16 06:14 UTC
"DynamicArrayPushBackTest.InsertMultipleElements" time elapsed: 00:00:00
----------------------------------------------------------

17/254 Testing: DynamicArrayPushBackTest.CapacityRemainsSameWhenNotFull
17/254 Test: DynamicArrayPushBackTest.CapacityRemainsSameWhenNotFull
Command: "/mnt/c/Users/suman/Desktop/DS_Library/build/DynamicArrayTesting" "--gtest_filter=DynamicArrayPushBackTest.CapacityRemainsSameWhenNotFull" "--gtest_also_run_disabled_tests"
Directory: /mnt/c/Users/suman/Desktop/DS_Library/build
"DynamicArrayPushBackTest.CapacityRemainsSameWhenNotFull" start time: Jul 16 06:14 UTC
Output:
----------------------------------------------------------
Running main() from ./googletest/src/gtest_main.cc
Note: Google Test filter = DynamicArrayPushBackTest.CapacityRemainsSameWhenNotFull
[==========] Running 1 test from 1 test suite.
[----------] Global test environment set-up.
[----------] 1 test from DynamicArrayPushBackTest
[ RUN      ] DynamicArrayPushBackTest.CapacityRemainsSameWhenNotFull
[       OK ] DynamicArrayPushBackTest.CapacityRemainsSameWhenNotFull (0 ms)
[----------] 1 test from DynamicArrayPushBackTest (0 ms total)

[----------] Global test environment tear-down
[==========] 1 test from 1 test suite ran. (0 ms total)
[  PASSED  ] 1 test.
<end of output>
Test time =   0.01 sec
----------------------------------------------------------
Test Passed.
"DynamicArrayPushBackTest.CapacityRemainsSameWhenNotFull" end time: Jul 16 06:14 UTC
"DynamicArrayPushBackTest.CapacityRemainsSameWhenNotFull" time elapsed: 00:00:00
----------------------------------------------------------

18/254 Testing: DynamicArrayPushBackTest.CapacityDoublesFromOneToTwo
18/254 Test: DynamicArrayPushBackTest.CapacityDoublesFromOneToTwo
Command: "/mnt/c/Users/suman/Desktop/DS_Library/build/DynamicArrayTesting" "--gtest_filter=DynamicArrayPushBackTest.CapacityDoublesFromOneToTwo" "--gtest_also_run_disabled_tests"
Directory: /mnt/c/Users/suman/Desktop/DS_Library/build
"DynamicArrayPushBackTest.CapacityDoublesFromOneToTwo" start time: Jul 16 06:14 UTC
Output:
----------------------------------------------------------
Running main() from ./googletest/src/gtest_main.cc
Note: Google Test filter = DynamicArrayPushBackTest.CapacityDoublesFromOneToTwo
[==========] Running 1 test from 1 test suite.
[----------] Global test environment set-up.
[----------] 1 test from DynamicArrayPushBackTest
[ RUN      ] DynamicArrayPushBackTest.CapacityDoublesFromOneToTwo
[       OK ] DynamicArrayPushBackTest.CapacityDoublesFromOneToTwo (0 ms)
[----------] 1 test from DynamicArrayPushBackTest (0 ms total)

[----------] Global test environment tear-down
[==========] 1 test from 1 test suite ran. (0 ms total)
[  PASSED  ] 1 test.
<end of output>
Test time =   0.01 sec
----------------------------------------------------------
Test Passed.
"DynamicArrayPushBackTest.CapacityDoublesFromOneToTwo" end time: Jul 16 06:14 UTC
"DynamicArrayPushBackTest.CapacityDoublesFromOneToTwo" time elapsed: 00:00:00
----------------------------------------------------------

19/254 Testing: DynamicArrayPushBackTest.CapacityDoublesFromTwoToFour
19/254 Test: DynamicArrayPushBackTest.CapacityDoublesFromTwoToFour
Command: "/mnt/c/Users/suman/Desktop/DS_Library/build/DynamicArrayTesting" "--gtest_filter=DynamicArrayPushBackTest.CapacityDoublesFromTwoToFour" "--gtest_also_run_disabled_tests"
Directory: /mnt/c/Users/suman/Desktop/DS_Library/build
"DynamicArrayPushBackTest.CapacityDoublesFromTwoToFour" start time: Jul 16 06:14 UTC
Output:
----------------------------------------------------------
Running main() from ./googletest/src/gtest_main.cc
Note: Google Test filter = DynamicArrayPushBackTest.CapacityDoublesFromTwoToFour
[==========] Running 1 test from 1 test suite.
[----------] Global test environment set-up.
[----------] 1 test from DynamicArrayPushBackTest
[ RUN      ] DynamicArrayPushBackTest.CapacityDoublesFromTwoToFour
[       OK ] DynamicArrayPushBackTest.CapacityDoublesFromTwoToFour (0 ms)
[----------] 1 test from DynamicArrayPushBackTest (0 ms total)

[----------] Global test environment tear-down
[==========] 1 test from 1 test suite ran. (0 ms total)
[  PASSED  ] 1 test.
<end of output>
Test time =   0.01 sec
----------------------------------------------------------
Test Passed.
"DynamicArrayPushBackTest.CapacityDoublesFromTwoToFour" end time: Jul 16 06:14 UTC
"DynamicArrayPushBackTest.CapacityDoublesFromTwoToFour" time elapsed: 00:00:00
----------------------------------------------------------

20/254 Testing: DynamicArrayPushBackTest.CapacityGrowsCorrectlyForManyInsertions
20/254 Test: DynamicArrayPushBackTest.CapacityGrowsCorrectlyForManyInsertions
Command: "/mnt/c/Users/suman/Desktop/DS_Library/build/DynamicArrayTesting" "--gtest_filter=DynamicArrayPushBackTest.CapacityGrowsCorrectlyForManyInsertions" "--gtest_also_run_disabled_tests"
Directory: /mnt/c/Users/suman/Desktop/DS_Library/build
"DynamicArrayPushBackTest.CapacityGrowsCorrectlyForManyInsertions" start time: Jul 16 06:14 UTC
Output:
----------------------------------------------------------
Running main() from ./googletest/src/gtest_main.cc
Note: Google Test filter = DynamicArrayPushBackTest.CapacityGrowsCorrectlyForManyInsertions
[==========] Running 1 test from 1 test suite.
[----------] Global test environment set-up.
[----------] 1 test from DynamicArrayPushBackTest
[ RUN      ] DynamicArrayPushBackTest.CapacityGrowsCorrectlyForManyInsertions
[       OK ] DynamicArrayPushBackTest.CapacityGrowsCorrectlyForManyInsertions (0 ms)
[----------] 1 test from DynamicArrayPushBackTest (0 ms total)

[----------] Global test environment tear-down
[==========] 1 test from 1 test suite ran. (0 ms total)
[  PASSED  ] 1 test.
<end of output>
Test time =   0.01 sec
----------------------------------------------------------
Test Passed.
"DynamicArrayPushBackTest.CapacityGrowsCorrectlyForManyInsertions" end time: Jul 16 06:14 UTC
"DynamicArrayPushBackTest.CapacityGrowsCorrectlyForManyInsertions" time elapsed: 00:00:00
----------------------------------------------------------

21/254 Testing: DynamicArrayPushBackTest.ElementsRemainInInsertionOrder
21/254 Test: DynamicArrayPushBackTest.ElementsRemainInInsertionOrder
Command: "/mnt/c/Users/suman/Desktop/DS_Library/build/DynamicArrayTesting" "--gtest_filter=DynamicArrayPushBackTest.ElementsRemainInInsertionOrder" "--gtest_also_run_disabled_tests"
Directory: /mnt/c/Users/suman/Desktop/DS_Library/build
"DynamicArrayPushBackTest.ElementsRemainInInsertionOrder" start time: Jul 16 06:14 UTC
Output:
----------------------------------------------------------
Running main() from ./googletest/src/gtest_main.cc
Note: Google Test filter = DynamicArrayPushBackTest.ElementsRemainInInsertionOrder
[==========] Running 1 test from 1 test suite.
[----------] Global test environment set-up.
[----------] 1 test from DynamicArrayPushBackTest
[ RUN      ] DynamicArrayPushBackTest.ElementsRemainInInsertionOrder
[       OK ] DynamicArrayPushBackTest.ElementsRemainInInsertionOrder (0 ms)
[----------] 1 test from DynamicArrayPushBackTest (0 ms total)

[----------] Global test environment tear-down
[==========] 1 test from 1 test suite ran. (0 ms total)
[  PASSED  ] 1 test.
<end of output>
Test time =   0.01 sec
----------------------------------------------------------
Test Passed.
"DynamicArrayPushBackTest.ElementsRemainInInsertionOrder" end time: Jul 16 06:14 UTC
"DynamicArrayPushBackTest.ElementsRemainInInsertionOrder" time elapsed: 00:00:00
----------------------------------------------------------

22/254 Testing: DynamicArrayPushBackTest.ExistingElementsRemainAfterResize
22/254 Test: DynamicArrayPushBackTest.ExistingElementsRemainAfterResize
Command: "/mnt/c/Users/suman/Desktop/DS_Library/build/DynamicArrayTesting" "--gtest_filter=DynamicArrayPushBackTest.ExistingElementsRemainAfterResize" "--gtest_also_run_disabled_tests"
Directory: /mnt/c/Users/suman/Desktop/DS_Library/build
"DynamicArrayPushBackTest.ExistingElementsRemainAfterResize" start time: Jul 16 06:14 UTC
Output:
----------------------------------------------------------
Running main() from ./googletest/src/gtest_main.cc
Note: Google Test filter = DynamicArrayPushBackTest.ExistingElementsRemainAfterResize
[==========] Running 1 test from 1 test suite.
[----------] Global test environment set-up.
[----------] 1 test from DynamicArrayPushBackTest
[ RUN      ] DynamicArrayPushBackTest.ExistingElementsRemainAfterResize
[       OK ] DynamicArrayPushBackTest.ExistingElementsRemainAfterResize (0 ms)
[----------] 1 test from DynamicArrayPushBackTest (0 ms total)

[----------] Global test environment tear-down
[==========] 1 test from 1 test suite ran. (0 ms total)
[  PASSED  ] 1 test.
<end of output>
Test time =   0.01 sec
----------------------------------------------------------
Test Passed.
"DynamicArrayPushBackTest.ExistingElementsRemainAfterResize" end time: Jul 16 06:14 UTC
"DynamicArrayPushBackTest.ExistingElementsRemainAfterResize" time elapsed: 00:00:00
----------------------------------------------------------

23/254 Testing: DynamicArrayPushBackTest.PushBackString
23/254 Test: DynamicArrayPushBackTest.PushBackString
Command: "/mnt/c/Users/suman/Desktop/DS_Library/build/DynamicArrayTesting" "--gtest_filter=DynamicArrayPushBackTest.PushBackString" "--gtest_also_run_disabled_tests"
Directory: /mnt/c/Users/suman/Desktop/DS_Library/build
"DynamicArrayPushBackTest.PushBackString" start time: Jul 16 06:14 UTC
Output:
----------------------------------------------------------
Running main() from ./googletest/src/gtest_main.cc
Note: Google Test filter = DynamicArrayPushBackTest.PushBackString
[==========] Running 1 test from 1 test suite.
[----------] Global test environment set-up.
[----------] 1 test from DynamicArrayPushBackTest
[ RUN      ] DynamicArrayPushBackTest.PushBackString
[       OK ] DynamicArrayPushBackTest.PushBackString (0 ms)
[----------] 1 test from DynamicArrayPushBackTest (0 ms total)

[----------] Global test environment tear-down
[==========] 1 test from 1 test suite ran. (0 ms total)
[  PASSED  ] 1 test.
<end of output>
Test time =   0.01 sec
----------------------------------------------------------
Test Passed.
"DynamicArrayPushBackTest.PushBackString" end time: Jul 16 06:14 UTC
"DynamicArrayPushBackTest.PushBackString" time elapsed: 00:00:00
----------------------------------------------------------

24/254 Testing: DynamicArrayPushBackTest.PushBackCharacter
24/254 Test: DynamicArrayPushBackTest.PushBackCharacter
Command: "/mnt/c/Users/suman/Desktop/DS_Library/build/DynamicArrayTesting" "--gtest_filter=DynamicArrayPushBackTest.PushBackCharacter" "--gtest_also_run_disabled_tests"
Directory: /mnt/c/Users/suman/Desktop/DS_Library/build
"DynamicArrayPushBackTest.PushBackCharacter" start time: Jul 16 06:14 UTC
Output:
----------------------------------------------------------
Running main() from ./googletest/src/gtest_main.cc
Note: Google Test filter = DynamicArrayPushBackTest.PushBackCharacter
[==========] Running 1 test from 1 test suite.
[----------] Global test environment set-up.
[----------] 1 test from DynamicArrayPushBackTest
[ RUN      ] DynamicArrayPushBackTest.PushBackCharacter
[       OK ] DynamicArrayPushBackTest.PushBackCharacter (0 ms)
[----------] 1 test from DynamicArrayPushBackTest (0 ms total)

[----------] Global test environment tear-down
[==========] 1 test from 1 test suite ran. (0 ms total)
[  PASSED  ] 1 test.
<end of output>
Test time =   0.01 sec
----------------------------------------------------------
Test Passed.
"DynamicArrayPushBackTest.PushBackCharacter" end time: Jul 16 06:14 UTC
"DynamicArrayPushBackTest.PushBackCharacter" time elapsed: 00:00:00
----------------------------------------------------------

25/254 Testing: DynamicArrayPushBackTest.PushBackDouble
25/254 Test: DynamicArrayPushBackTest.PushBackDouble
Command: "/mnt/c/Users/suman/Desktop/DS_Library/build/DynamicArrayTesting" "--gtest_filter=DynamicArrayPushBackTest.PushBackDouble" "--gtest_also_run_disabled_tests"
Directory: /mnt/c/Users/suman/Desktop/DS_Library/build
"DynamicArrayPushBackTest.PushBackDouble" start time: Jul 16 06:14 UTC
Output:
----------------------------------------------------------
Running main() from ./googletest/src/gtest_main.cc
Note: Google Test filter = DynamicArrayPushBackTest.PushBackDouble
[==========] Running 1 test from 1 test suite.
[----------] Global test environment set-up.
[----------] 1 test from DynamicArrayPushBackTest
[ RUN      ] DynamicArrayPushBackTest.PushBackDouble
[       OK ] DynamicArrayPushBackTest.PushBackDouble (0 ms)
[----------] 1 test from DynamicArrayPushBackTest (0 ms total)

[----------] Global test environment tear-down
[==========] 1 test from 1 test suite ran. (0 ms total)
[  PASSED  ] 1 test.
<end of output>
Test time =   0.01 sec
----------------------------------------------------------
Test Passed.
"DynamicArrayPushBackTest.PushBackDouble" end time: Jul 16 06:14 UTC
"DynamicArrayPushBackTest.PushBackDouble" time elapsed: 00:00:00
----------------------------------------------------------

26/254 Testing: DynamicArrayPushBackTest.ArrayIsNotEmptyAfterInsertion
26/254 Test: DynamicArrayPushBackTest.ArrayIsNotEmptyAfterInsertion
Command: "/mnt/c/Users/suman/Desktop/DS_Library/build/DynamicArrayTesting" "--gtest_filter=DynamicArrayPushBackTest.ArrayIsNotEmptyAfterInsertion" "--gtest_also_run_disabled_tests"
Directory: /mnt/c/Users/suman/Desktop/DS_Library/build
"DynamicArrayPushBackTest.ArrayIsNotEmptyAfterInsertion" start time: Jul 16 06:14 UTC
Output:
----------------------------------------------------------
Running main() from ./googletest/src/gtest_main.cc
Note: Google Test filter = DynamicArrayPushBackTest.ArrayIsNotEmptyAfterInsertion
[==========] Running 1 test from 1 test suite.
[----------] Global test environment set-up.
[----------] 1 test from DynamicArrayPushBackTest
[ RUN      ] DynamicArrayPushBackTest.ArrayIsNotEmptyAfterInsertion
[       OK ] DynamicArrayPushBackTest.ArrayIsNotEmptyAfterInsertion (0 ms)
[----------] 1 test from DynamicArrayPushBackTest (0 ms total)

[----------] Global test environment tear-down
[==========] 1 test from 1 test suite ran. (0 ms total)
[  PASSED  ] 1 test.
<end of output>
Test time =   0.01 sec
----------------------------------------------------------
Test Passed.
"DynamicArrayPushBackTest.ArrayIsNotEmptyAfterInsertion" end time: Jul 16 06:14 UTC
"DynamicArrayPushBackTest.ArrayIsNotEmptyAfterInsertion" time elapsed: 00:00:00
----------------------------------------------------------

27/254 Testing: DynamicArrayPushBackTest.ArrayBecomesFullAfterFirstInsertion
27/254 Test: DynamicArrayPushBackTest.ArrayBecomesFullAfterFirstInsertion
Command: "/mnt/c/Users/suman/Desktop/DS_Library/build/DynamicArrayTesting" "--gtest_filter=DynamicArrayPushBackTest.ArrayBecomesFullAfterFirstInsertion" "--gtest_also_run_disabled_tests"
Directory: /mnt/c/Users/suman/Desktop/DS_Library/build
"DynamicArrayPushBackTest.ArrayBecomesFullAfterFirstInsertion" start time: Jul 16 06:14 UTC
Output:
----------------------------------------------------------
Running main() from ./googletest/src/gtest_main.cc
Note: Google Test filter = DynamicArrayPushBackTest.ArrayBecomesFullAfterFirstInsertion
[==========] Running 1 test from 1 test suite.
[----------] Global test environment set-up.
[----------] 1 test from DynamicArrayPushBackTest
[ RUN      ] DynamicArrayPushBackTest.ArrayBecomesFullAfterFirstInsertion
[       OK ] DynamicArrayPushBackTest.ArrayBecomesFullAfterFirstInsertion (0 ms)
[----------] 1 test from DynamicArrayPushBackTest (0 ms total)

[----------] Global test environment tear-down
[==========] 1 test from 1 test suite ran. (0 ms total)
[  PASSED  ] 1 test.
<end of output>
Test time =   0.01 sec
----------------------------------------------------------
Test Passed.
"DynamicArrayPushBackTest.ArrayBecomesFullAfterFirstInsertion" end time: Jul 16 06:14 UTC
"DynamicArrayPushBackTest.ArrayBecomesFullAfterFirstInsertion" time elapsed: 00:00:00
----------------------------------------------------------

28/254 Testing: DynamicArrayPushBackTest.ArrayRemainsFullAfterAutomaticResize
28/254 Test: DynamicArrayPushBackTest.ArrayRemainsFullAfterAutomaticResize
Command: "/mnt/c/Users/suman/Desktop/DS_Library/build/DynamicArrayTesting" "--gtest_filter=DynamicArrayPushBackTest.ArrayRemainsFullAfterAutomaticResize" "--gtest_also_run_disabled_tests"
Directory: /mnt/c/Users/suman/Desktop/DS_Library/build
"DynamicArrayPushBackTest.ArrayRemainsFullAfterAutomaticResize" start time: Jul 16 06:14 UTC
Output:
----------------------------------------------------------
Running main() from ./googletest/src/gtest_main.cc
Note: Google Test filter = DynamicArrayPushBackTest.ArrayRemainsFullAfterAutomaticResize
[==========] Running 1 test from 1 test suite.
[----------] Global test environment set-up.
[----------] 1 test from DynamicArrayPushBackTest
[ RUN      ] DynamicArrayPushBackTest.ArrayRemainsFullAfterAutomaticResize
[       OK ] DynamicArrayPushBackTest.ArrayRemainsFullAfterAutomaticResize (0 ms)
[----------] 1 test from DynamicArrayPushBackTest (0 ms total)

[----------] Global test environment tear-down
[==========] 1 test from 1 test suite ran. (0 ms total)
[  PASSED  ] 1 test.
<end of output>
Test time =   0.01 sec
----------------------------------------------------------
Test Passed.
"DynamicArrayPushBackTest.ArrayRemainsFullAfterAutomaticResize" end time: Jul 16 06:14 UTC
"DynamicArrayPushBackTest.ArrayRemainsFullAfterAutomaticResize" time elapsed: 00:00:00
----------------------------------------------------------

29/254 Testing: DynamicArrayPushBackTest.PushBackIntegerLimits
29/254 Test: DynamicArrayPushBackTest.PushBackIntegerLimits
Command: "/mnt/c/Users/suman/Desktop/DS_Library/build/DynamicArrayTesting" "--gtest_filter=DynamicArrayPushBackTest.PushBackIntegerLimits" "--gtest_also_run_disabled_tests"
Directory: /mnt/c/Users/suman/Desktop/DS_Library/build
"DynamicArrayPushBackTest.PushBackIntegerLimits" start time: Jul 16 06:14 UTC
Output:
----------------------------------------------------------
Running main() from ./googletest/src/gtest_main.cc
Note: Google Test filter = DynamicArrayPushBackTest.PushBackIntegerLimits
[==========] Running 1 test from 1 test suite.
[----------] Global test environment set-up.
[----------] 1 test from DynamicArrayPushBackTest
[ RUN      ] DynamicArrayPushBackTest.PushBackIntegerLimits
[       OK ] DynamicArrayPushBackTest.PushBackIntegerLimits (0 ms)
[----------] 1 test from DynamicArrayPushBackTest (0 ms total)

[----------] Global test environment tear-down
[==========] 1 test from 1 test suite ran. (0 ms total)
[  PASSED  ] 1 test.
<end of output>
Test time =   0.01 sec
----------------------------------------------------------
Test Passed.
"DynamicArrayPushBackTest.PushBackIntegerLimits" end time: Jul 16 06:14 UTC
"DynamicArrayPushBackTest.PushBackIntegerLimits" time elapsed: 00:00:00
----------------------------------------------------------

30/254 Testing: DynamicArrayPopBackTest.PopSingleElement
30/254 Test: DynamicArrayPopBackTest.PopSingleElement
Command: "/mnt/c/Users/suman/Desktop/DS_Library/build/DynamicArrayTesting" "--gtest_filter=DynamicArrayPopBackTest.PopSingleElement" "--gtest_also_run_disabled_tests"
Directory: /mnt/c/Users/suman/Desktop/DS_Library/build
"DynamicArrayPopBackTest.PopSingleElement" start time: Jul 16 06:14 UTC
Output:
----------------------------------------------------------
Running main() from ./googletest/src/gtest_main.cc
Note: Google Test filter = DynamicArrayPopBackTest.PopSingleElement
[==========] Running 1 test from 1 test suite.
[----------] Global test environment set-up.
[----------] 1 test from DynamicArrayPopBackTest
[ RUN      ] DynamicArrayPopBackTest.PopSingleElement
[       OK ] DynamicArrayPopBackTest.PopSingleElement (0 ms)
[----------] 1 test from DynamicArrayPopBackTest (0 ms total)

[----------] Global test environment tear-down
[==========] 1 test from 1 test suite ran. (0 ms total)
[  PASSED  ] 1 test.
<end of output>
Test time =   0.01 sec
----------------------------------------------------------
Test Passed.
"DynamicArrayPopBackTest.PopSingleElement" end time: Jul 16 06:14 UTC
"DynamicArrayPopBackTest.PopSingleElement" time elapsed: 00:00:00
----------------------------------------------------------

31/254 Testing: DynamicArrayPopBackTest.PopLastElementFromMultipleElements
31/254 Test: DynamicArrayPopBackTest.PopLastElementFromMultipleElements
Command: "/mnt/c/Users/suman/Desktop/DS_Library/build/DynamicArrayTesting" "--gtest_filter=DynamicArrayPopBackTest.PopLastElementFromMultipleElements" "--gtest_also_run_disabled_tests"
Directory: /mnt/c/Users/suman/Desktop/DS_Library/build
"DynamicArrayPopBackTest.PopLastElementFromMultipleElements" start time: Jul 16 06:14 UTC
Output:
----------------------------------------------------------
Running main() from ./googletest/src/gtest_main.cc
Note: Google Test filter = DynamicArrayPopBackTest.PopLastElementFromMultipleElements
[==========] Running 1 test from 1 test suite.
[----------] Global test environment set-up.
[----------] 1 test from DynamicArrayPopBackTest
[ RUN      ] DynamicArrayPopBackTest.PopLastElementFromMultipleElements
[       OK ] DynamicArrayPopBackTest.PopLastElementFromMultipleElements (0 ms)
[----------] 1 test from DynamicArrayPopBackTest (0 ms total)

[----------] Global test environment tear-down
[==========] 1 test from 1 test suite ran. (0 ms total)
[  PASSED  ] 1 test.
<end of output>
Test time =   0.01 sec
----------------------------------------------------------
Test Passed.
"DynamicArrayPopBackTest.PopLastElementFromMultipleElements" end time: Jul 16 06:14 UTC
"DynamicArrayPopBackTest.PopLastElementFromMultipleElements" time elapsed: 00:00:00
----------------------------------------------------------

32/254 Testing: DynamicArrayPopBackTest.PopUntilEmpty
32/254 Test: DynamicArrayPopBackTest.PopUntilEmpty
Command: "/mnt/c/Users/suman/Desktop/DS_Library/build/DynamicArrayTesting" "--gtest_filter=DynamicArrayPopBackTest.PopUntilEmpty" "--gtest_also_run_disabled_tests"
Directory: /mnt/c/Users/suman/Desktop/DS_Library/build
"DynamicArrayPopBackTest.PopUntilEmpty" start time: Jul 16 06:14 UTC
Output:
----------------------------------------------------------
Running main() from ./googletest/src/gtest_main.cc
Note: Google Test filter = DynamicArrayPopBackTest.PopUntilEmpty
[==========] Running 1 test from 1 test suite.
[----------] Global test environment set-up.
[----------] 1 test from DynamicArrayPopBackTest
[ RUN      ] DynamicArrayPopBackTest.PopUntilEmpty
[       OK ] DynamicArrayPopBackTest.PopUntilEmpty (0 ms)
[----------] 1 test from DynamicArrayPopBackTest (0 ms total)

[----------] Global test environment tear-down
[==========] 1 test from 1 test suite ran. (0 ms total)
[  PASSED  ] 1 test.
<end of output>
Test time =   0.01 sec
----------------------------------------------------------
Test Passed.
"DynamicArrayPopBackTest.PopUntilEmpty" end time: Jul 16 06:14 UTC
"DynamicArrayPopBackTest.PopUntilEmpty" time elapsed: 00:00:00
----------------------------------------------------------

33/254 Testing: DynamicArrayPopBackTest.PopFromEmptyArrayThrows
33/254 Test: DynamicArrayPopBackTest.PopFromEmptyArrayThrows
Command: "/mnt/c/Users/suman/Desktop/DS_Library/build/DynamicArrayTesting" "--gtest_filter=DynamicArrayPopBackTest.PopFromEmptyArrayThrows" "--gtest_also_run_disabled_tests"
Directory: /mnt/c/Users/suman/Desktop/DS_Library/build
"DynamicArrayPopBackTest.PopFromEmptyArrayThrows" start time: Jul 16 06:14 UTC
Output:
----------------------------------------------------------
Running main() from ./googletest/src/gtest_main.cc
Note: Google Test filter = DynamicArrayPopBackTest.PopFromEmptyArrayThrows
[==========] Running 1 test from 1 test suite.
[----------] Global test environment set-up.
[----------] 1 test from DynamicArrayPopBackTest
[ RUN      ] DynamicArrayPopBackTest.PopFromEmptyArrayThrows
[       OK ] DynamicArrayPopBackTest.PopFromEmptyArrayThrows (0 ms)
[----------] 1 test from DynamicArrayPopBackTest (0 ms total)

[----------] Global test environment tear-down
[==========] 1 test from 1 test suite ran. (0 ms total)
[  PASSED  ] 1 test.
<end of output>
Test time =   0.01 sec
----------------------------------------------------------
Test Passed.
"DynamicArrayPopBackTest.PopFromEmptyArrayThrows" end time: Jul 16 06:14 UTC
"DynamicArrayPopBackTest.PopFromEmptyArrayThrows" time elapsed: 00:00:00
----------------------------------------------------------

34/254 Testing: DynamicArrayPopBackTest.PopAfterMultipleResizes
34/254 Test: DynamicArrayPopBackTest.PopAfterMultipleResizes
Command: "/mnt/c/Users/suman/Desktop/DS_Library/build/DynamicArrayTesting" "--gtest_filter=DynamicArrayPopBackTest.PopAfterMultipleResizes" "--gtest_also_run_disabled_tests"
Directory: /mnt/c/Users/suman/Desktop/DS_Library/build
"DynamicArrayPopBackTest.PopAfterMultipleResizes" start time: Jul 16 06:14 UTC
Output:
----------------------------------------------------------
Running main() from ./googletest/src/gtest_main.cc
Note: Google Test filter = DynamicArrayPopBackTest.PopAfterMultipleResizes
[==========] Running 1 test from 1 test suite.
[----------] Global test environment set-up.
[----------] 1 test from DynamicArrayPopBackTest
[ RUN      ] DynamicArrayPopBackTest.PopAfterMultipleResizes
[       OK ] DynamicArrayPopBackTest.PopAfterMultipleResizes (0 ms)
[----------] 1 test from DynamicArrayPopBackTest (0 ms total)

[----------] Global test environment tear-down
[==========] 1 test from 1 test suite ran. (0 ms total)
[  PASSED  ] 1 test.
<end of output>
Test time =   0.01 sec
----------------------------------------------------------
Test Passed.
"DynamicArrayPopBackTest.PopAfterMultipleResizes" end time: Jul 16 06:14 UTC
"DynamicArrayPopBackTest.PopAfterMultipleResizes" time elapsed: 00:00:00
----------------------------------------------------------

35/254 Testing: DynamicArrayPopBackTest.WorksWithString
35/254 Test: DynamicArrayPopBackTest.WorksWithString
Command: "/mnt/c/Users/suman/Desktop/DS_Library/build/DynamicArrayTesting" "--gtest_filter=DynamicArrayPopBackTest.WorksWithString" "--gtest_also_run_disabled_tests"
Directory: /mnt/c/Users/suman/Desktop/DS_Library/build
"DynamicArrayPopBackTest.WorksWithString" start time: Jul 16 06:14 UTC
Output:
----------------------------------------------------------
Running main() from ./googletest/src/gtest_main.cc
Note: Google Test filter = DynamicArrayPopBackTest.WorksWithString
[==========] Running 1 test from 1 test suite.
[----------] Global test environment set-up.
[----------] 1 test from DynamicArrayPopBackTest
[ RUN      ] DynamicArrayPopBackTest.WorksWithString
[       OK ] DynamicArrayPopBackTest.WorksWithString (0 ms)
[----------] 1 test from DynamicArrayPopBackTest (0 ms total)

[----------] Global test environment tear-down
[==========] 1 test from 1 test suite ran. (0 ms total)
[  PASSED  ] 1 test.
<end of output>
Test time =   0.01 sec
----------------------------------------------------------
Test Passed.
"DynamicArrayPopBackTest.WorksWithString" end time: Jul 16 06:14 UTC
"DynamicArrayPopBackTest.WorksWithString" time elapsed: 00:00:00
----------------------------------------------------------

36/254 Testing: DynamicArrayPopBackTest.WorksWithCharacter
36/254 Test: DynamicArrayPopBackTest.WorksWithCharacter
Command: "/mnt/c/Users/suman/Desktop/DS_Library/build/DynamicArrayTesting" "--gtest_filter=DynamicArrayPopBackTest.WorksWithCharacter" "--gtest_also_run_disabled_tests"
Directory: /mnt/c/Users/suman/Desktop/DS_Library/build
"DynamicArrayPopBackTest.WorksWithCharacter" start time: Jul 16 06:14 UTC
Output:
----------------------------------------------------------
Running main() from ./googletest/src/gtest_main.cc
Note: Google Test filter = DynamicArrayPopBackTest.WorksWithCharacter
[==========] Running 1 test from 1 test suite.
[----------] Global test environment set-up.
[----------] 1 test from DynamicArrayPopBackTest
[ RUN      ] DynamicArrayPopBackTest.WorksWithCharacter
[       OK ] DynamicArrayPopBackTest.WorksWithCharacter (0 ms)
[----------] 1 test from DynamicArrayPopBackTest (0 ms total)

[----------] Global test environment tear-down
[==========] 1 test from 1 test suite ran. (0 ms total)
[  PASSED  ] 1 test.
<end of output>
Test time =   0.01 sec
----------------------------------------------------------
Test Passed.
"DynamicArrayPopBackTest.WorksWithCharacter" end time: Jul 16 06:14 UTC
"DynamicArrayPopBackTest.WorksWithCharacter" time elapsed: 00:00:00
----------------------------------------------------------

37/254 Testing: DynamicArrayPopBackTest.PopAllElementsAfterLargeInsertion
37/254 Test: DynamicArrayPopBackTest.PopAllElementsAfterLargeInsertion
Command: "/mnt/c/Users/suman/Desktop/DS_Library/build/DynamicArrayTesting" "--gtest_filter=DynamicArrayPopBackTest.PopAllElementsAfterLargeInsertion" "--gtest_also_run_disabled_tests"
Directory: /mnt/c/Users/suman/Desktop/DS_Library/build
"DynamicArrayPopBackTest.PopAllElementsAfterLargeInsertion" start time: Jul 16 06:14 UTC
Output:
----------------------------------------------------------
Running main() from ./googletest/src/gtest_main.cc
Note: Google Test filter = DynamicArrayPopBackTest.PopAllElementsAfterLargeInsertion
[==========] Running 1 test from 1 test suite.
[----------] Global test environment set-up.
[----------] 1 test from DynamicArrayPopBackTest
[ RUN      ] DynamicArrayPopBackTest.PopAllElementsAfterLargeInsertion
[       OK ] DynamicArrayPopBackTest.PopAllElementsAfterLargeInsertion (0 ms)
[----------] 1 test from DynamicArrayPopBackTest (0 ms total)

[----------] Global test environment tear-down
[==========] 1 test from 1 test suite ran. (0 ms total)
[  PASSED  ] 1 test.
<end of output>
Test time =   0.01 sec
----------------------------------------------------------
Test Passed.
"DynamicArrayPopBackTest.PopAllElementsAfterLargeInsertion" end time: Jul 16 06:14 UTC
"DynamicArrayPopBackTest.PopAllElementsAfterLargeInsertion" time elapsed: 00:00:00
----------------------------------------------------------

38/254 Testing: DynamicArrayPopBackTest.AlternatePushAndPop
38/254 Test: DynamicArrayPopBackTest.AlternatePushAndPop
Command: "/mnt/c/Users/suman/Desktop/DS_Library/build/DynamicArrayTesting" "--gtest_filter=DynamicArrayPopBackTest.AlternatePushAndPop" "--gtest_also_run_disabled_tests"
Directory: /mnt/c/Users/suman/Desktop/DS_Library/build
"DynamicArrayPopBackTest.AlternatePushAndPop" start time: Jul 16 06:14 UTC
Output:
----------------------------------------------------------
Running main() from ./googletest/src/gtest_main.cc
Note: Google Test filter = DynamicArrayPopBackTest.AlternatePushAndPop
[==========] Running 1 test from 1 test suite.
[----------] Global test environment set-up.
[----------] 1 test from DynamicArrayPopBackTest
[ RUN      ] DynamicArrayPopBackTest.AlternatePushAndPop
[       OK ] DynamicArrayPopBackTest.AlternatePushAndPop (0 ms)
[----------] 1 test from DynamicArrayPopBackTest (0 ms total)

[----------] Global test environment tear-down
[==========] 1 test from 1 test suite ran. (0 ms total)
[  PASSED  ] 1 test.
<end of output>
Test time =   0.01 sec
----------------------------------------------------------
Test Passed.
"DynamicArrayPopBackTest.AlternatePushAndPop" end time: Jul 16 06:14 UTC
"DynamicArrayPopBackTest.AlternatePushAndPop" time elapsed: 00:00:00
----------------------------------------------------------

39/254 Testing: DynamicArrayDeleteAtIndexTest.DeleteAtDifferentPositions
39/254 Test: DynamicArrayDeleteAtIndexTest.DeleteAtDifferentPositions
Command: "/mnt/c/Users/suman/Desktop/DS_Library/build/DynamicArrayTesting" "--gtest_filter=DynamicArrayDeleteAtIndexTest.DeleteAtDifferentPositions" "--gtest_also_run_disabled_tests"
Directory: /mnt/c/Users/suman/Desktop/DS_Library/build
"DynamicArrayDeleteAtIndexTest.DeleteAtDifferentPositions" start time: Jul 16 06:14 UTC
Output:
----------------------------------------------------------
Running main() from ./googletest/src/gtest_main.cc
Note: Google Test filter = DynamicArrayDeleteAtIndexTest.DeleteAtDifferentPositions
[==========] Running 1 test from 1 test suite.
[----------] Global test environment set-up.
[----------] 1 test from DynamicArrayDeleteAtIndexTest
[ RUN      ] DynamicArrayDeleteAtIndexTest.DeleteAtDifferentPositions
[       OK ] DynamicArrayDeleteAtIndexTest.DeleteAtDifferentPositions (0 ms)
[----------] 1 test from DynamicArrayDeleteAtIndexTest (0 ms total)

[----------] Global test environment tear-down
[==========] 1 test from 1 test suite ran. (0 ms total)
[  PASSED  ] 1 test.
<end of output>
Test time =   0.01 sec
----------------------------------------------------------
Test Passed.
"DynamicArrayDeleteAtIndexTest.DeleteAtDifferentPositions" end time: Jul 16 06:14 UTC
"DynamicArrayDeleteAtIndexTest.DeleteAtDifferentPositions" time elapsed: 00:00:00
----------------------------------------------------------

40/254 Testing: DynamicArrayDeleteAtIndexTest.DeleteUntilEmpty
40/254 Test: DynamicArrayDeleteAtIndexTest.DeleteUntilEmpty
Command: "/mnt/c/Users/suman/Desktop/DS_Library/build/DynamicArrayTesting" "--gtest_filter=DynamicArrayDeleteAtIndexTest.DeleteUntilEmpty" "--gtest_also_run_disabled_tests"
Directory: /mnt/c/Users/suman/Desktop/DS_Library/build
"DynamicArrayDeleteAtIndexTest.DeleteUntilEmpty" start time: Jul 16 06:14 UTC
Output:
----------------------------------------------------------
Running main() from ./googletest/src/gtest_main.cc
Note: Google Test filter = DynamicArrayDeleteAtIndexTest.DeleteUntilEmpty
[==========] Running 1 test from 1 test suite.
[----------] Global test environment set-up.
[----------] 1 test from DynamicArrayDeleteAtIndexTest
[ RUN      ] DynamicArrayDeleteAtIndexTest.DeleteUntilEmpty
[       OK ] DynamicArrayDeleteAtIndexTest.DeleteUntilEmpty (0 ms)
[----------] 1 test from DynamicArrayDeleteAtIndexTest (0 ms total)

[----------] Global test environment tear-down
[==========] 1 test from 1 test suite ran. (0 ms total)
[  PASSED  ] 1 test.
<end of output>
Test time =   0.01 sec
----------------------------------------------------------
Test Passed.
"DynamicArrayDeleteAtIndexTest.DeleteUntilEmpty" end time: Jul 16 06:14 UTC
"DynamicArrayDeleteAtIndexTest.DeleteUntilEmpty" time elapsed: 00:00:00
----------------------------------------------------------

41/254 Testing: DynamicArrayDeleteAtIndexTest.DeleteAfterResize
41/254 Test: DynamicArrayDeleteAtIndexTest.DeleteAfterResize
Command: "/mnt/c/Users/suman/Desktop/DS_Library/build/DynamicArrayTesting" "--gtest_filter=DynamicArrayDeleteAtIndexTest.DeleteAfterResize" "--gtest_also_run_disabled_tests"
Directory: /mnt/c/Users/suman/Desktop/DS_Library/build
"DynamicArrayDeleteAtIndexTest.DeleteAfterResize" start time: Jul 16 06:14 UTC
Output:
----------------------------------------------------------
Running main() from ./googletest/src/gtest_main.cc
Note: Google Test filter = DynamicArrayDeleteAtIndexTest.DeleteAfterResize
[==========] Running 1 test from 1 test suite.
[----------] Global test environment set-up.
[----------] 1 test from DynamicArrayDeleteAtIndexTest
[ RUN      ] DynamicArrayDeleteAtIndexTest.DeleteAfterResize
[       OK ] DynamicArrayDeleteAtIndexTest.DeleteAfterResize (0 ms)
[----------] 1 test from DynamicArrayDeleteAtIndexTest (0 ms total)

[----------] Global test environment tear-down
[==========] 1 test from 1 test suite ran. (0 ms total)
[  PASSED  ] 1 test.
<end of output>
Test time =   0.01 sec
----------------------------------------------------------
Test Passed.
"DynamicArrayDeleteAtIndexTest.DeleteAfterResize" end time: Jul 16 06:14 UTC
"DynamicArrayDeleteAtIndexTest.DeleteAfterResize" time elapsed: 00:00:00
----------------------------------------------------------

42/254 Testing: DynamicArrayDeleteAtIndexTest.InvalidIndicesThrowExceptions
42/254 Test: DynamicArrayDeleteAtIndexTest.InvalidIndicesThrowExceptions
Command: "/mnt/c/Users/suman/Desktop/DS_Library/build/DynamicArrayTesting" "--gtest_filter=DynamicArrayDeleteAtIndexTest.InvalidIndicesThrowExceptions" "--gtest_also_run_disabled_tests"
Directory: /mnt/c/Users/suman/Desktop/DS_Library/build
"DynamicArrayDeleteAtIndexTest.InvalidIndicesThrowExceptions" start time: Jul 16 06:14 UTC
Output:
----------------------------------------------------------
Running main() from ./googletest/src/gtest_main.cc
Note: Google Test filter = DynamicArrayDeleteAtIndexTest.InvalidIndicesThrowExceptions
[==========] Running 1 test from 1 test suite.
[----------] Global test environment set-up.
[----------] 1 test from DynamicArrayDeleteAtIndexTest
[ RUN      ] DynamicArrayDeleteAtIndexTest.InvalidIndicesThrowExceptions
[       OK ] DynamicArrayDeleteAtIndexTest.InvalidIndicesThrowExceptions (0 ms)
[----------] 1 test from DynamicArrayDeleteAtIndexTest (0 ms total)

[----------] Global test environment tear-down
[==========] 1 test from 1 test suite ran. (0 ms total)
[  PASSED  ] 1 test.
<end of output>
Test time =   0.01 sec
----------------------------------------------------------
Test Passed.
"DynamicArrayDeleteAtIndexTest.InvalidIndicesThrowExceptions" end time: Jul 16 06:14 UTC
"DynamicArrayDeleteAtIndexTest.InvalidIndicesThrowExceptions" time elapsed: 00:00:00
----------------------------------------------------------

43/254 Testing: DynamicArrayDeleteAtIndexTest.WorksWithString
43/254 Test: DynamicArrayDeleteAtIndexTest.WorksWithString
Command: "/mnt/c/Users/suman/Desktop/DS_Library/build/DynamicArrayTesting" "--gtest_filter=DynamicArrayDeleteAtIndexTest.WorksWithString" "--gtest_also_run_disabled_tests"
Directory: /mnt/c/Users/suman/Desktop/DS_Library/build
"DynamicArrayDeleteAtIndexTest.WorksWithString" start time: Jul 16 06:14 UTC
Output:
----------------------------------------------------------
Running main() from ./googletest/src/gtest_main.cc
Note: Google Test filter = DynamicArrayDeleteAtIndexTest.WorksWithString
[==========] Running 1 test from 1 test suite.
[----------] Global test environment set-up.
[----------] 1 test from DynamicArrayDeleteAtIndexTest
[ RUN      ] DynamicArrayDeleteAtIndexTest.WorksWithString
[       OK ] DynamicArrayDeleteAtIndexTest.WorksWithString (0 ms)
[----------] 1 test from DynamicArrayDeleteAtIndexTest (0 ms total)

[----------] Global test environment tear-down
[==========] 1 test from 1 test suite ran. (0 ms total)
[  PASSED  ] 1 test.
<end of output>
Test time =   0.01 sec
----------------------------------------------------------
Test Passed.
"DynamicArrayDeleteAtIndexTest.WorksWithString" end time: Jul 16 06:14 UTC
"DynamicArrayDeleteAtIndexTest.WorksWithString" time elapsed: 00:00:00
----------------------------------------------------------

44/254 Testing: DynamicArrayDeleteAtIndexTest.WorksWithCustomObject
44/254 Test: DynamicArrayDeleteAtIndexTest.WorksWithCustomObject
Command: "/mnt/c/Users/suman/Desktop/DS_Library/build/DynamicArrayTesting" "--gtest_filter=DynamicArrayDeleteAtIndexTest.WorksWithCustomObject" "--gtest_also_run_disabled_tests"
Directory: /mnt/c/Users/suman/Desktop/DS_Library/build
"DynamicArrayDeleteAtIndexTest.WorksWithCustomObject" start time: Jul 16 06:14 UTC
Output:
----------------------------------------------------------
Running main() from ./googletest/src/gtest_main.cc
Note: Google Test filter = DynamicArrayDeleteAtIndexTest.WorksWithCustomObject
[==========] Running 1 test from 1 test suite.
[----------] Global test environment set-up.
[----------] 1 test from DynamicArrayDeleteAtIndexTest
[ RUN      ] DynamicArrayDeleteAtIndexTest.WorksWithCustomObject
[       OK ] DynamicArrayDeleteAtIndexTest.WorksWithCustomObject (0 ms)
[----------] 1 test from DynamicArrayDeleteAtIndexTest (0 ms total)

[----------] Global test environment tear-down
[==========] 1 test from 1 test suite ran. (0 ms total)
[  PASSED  ] 1 test.
<end of output>
Test time =   0.01 sec
----------------------------------------------------------
Test Passed.
"DynamicArrayDeleteAtIndexTest.WorksWithCustomObject" end time: Jul 16 06:14 UTC
"DynamicArrayDeleteAtIndexTest.WorksWithCustomObject" time elapsed: 00:00:00
----------------------------------------------------------

45/254 Testing: DynamicArrayDeleteAtIndexTest.ConsecutiveDeletionsMaintainIntegrity
45/254 Test: DynamicArrayDeleteAtIndexTest.ConsecutiveDeletionsMaintainIntegrity
Command: "/mnt/c/Users/suman/Desktop/DS_Library/build/DynamicArrayTesting" "--gtest_filter=DynamicArrayDeleteAtIndexTest.ConsecutiveDeletionsMaintainIntegrity" "--gtest_also_run_disabled_tests"
Directory: /mnt/c/Users/suman/Desktop/DS_Library/build
"DynamicArrayDeleteAtIndexTest.ConsecutiveDeletionsMaintainIntegrity" start time: Jul 16 06:14 UTC
Output:
----------------------------------------------------------
Running main() from ./googletest/src/gtest_main.cc
Note: Google Test filter = DynamicArrayDeleteAtIndexTest.ConsecutiveDeletionsMaintainIntegrity
[==========] Running 1 test from 1 test suite.
[----------] Global test environment set-up.
[----------] 1 test from DynamicArrayDeleteAtIndexTest
[ RUN      ] DynamicArrayDeleteAtIndexTest.ConsecutiveDeletionsMaintainIntegrity
[       OK ] DynamicArrayDeleteAtIndexTest.ConsecutiveDeletionsMaintainIntegrity (0 ms)
[----------] 1 test from DynamicArrayDeleteAtIndexTest (0 ms total)

[----------] Global test environment tear-down
[==========] 1 test from 1 test suite ran. (0 ms total)
[  PASSED  ] 1 test.
<end of output>
Test time =   0.01 sec
----------------------------------------------------------
Test Passed.
"DynamicArrayDeleteAtIndexTest.ConsecutiveDeletionsMaintainIntegrity" end time: Jul 16 06:14 UTC
"DynamicArrayDeleteAtIndexTest.ConsecutiveDeletionsMaintainIntegrity" time elapsed: 00:00:00
----------------------------------------------------------

46/254 Testing: DynamicArrayGetTest.AccessValidIndices
46/254 Test: DynamicArrayGetTest.AccessValidIndices
Command: "/mnt/c/Users/suman/Desktop/DS_Library/build/DynamicArrayTesting" "--gtest_filter=DynamicArrayGetTest.AccessValidIndices" "--gtest_also_run_disabled_tests"
Directory: /mnt/c/Users/suman/Desktop/DS_Library/build
"DynamicArrayGetTest.AccessValidIndices" start time: Jul 16 06:14 UTC
Output:
----------------------------------------------------------
Running main() from ./googletest/src/gtest_main.cc
Note: Google Test filter = DynamicArrayGetTest.AccessValidIndices
[==========] Running 1 test from 1 test suite.
[----------] Global test environment set-up.
[----------] 1 test from DynamicArrayGetTest
[ RUN      ] DynamicArrayGetTest.AccessValidIndices
[       OK ] DynamicArrayGetTest.AccessValidIndices (0 ms)
[----------] 1 test from DynamicArrayGetTest (0 ms total)

[----------] Global test environment tear-down
[==========] 1 test from 1 test suite ran. (0 ms total)
[  PASSED  ] 1 test.
<end of output>
Test time =   0.01 sec
----------------------------------------------------------
Test Passed.
"DynamicArrayGetTest.AccessValidIndices" end time: Jul 16 06:14 UTC
"DynamicArrayGetTest.AccessValidIndices" time elapsed: 00:00:00
----------------------------------------------------------

47/254 Testing: DynamicArrayGetTest.InvalidIndicesThrowExceptions
47/254 Test: DynamicArrayGetTest.InvalidIndicesThrowExceptions
Command: "/mnt/c/Users/suman/Desktop/DS_Library/build/DynamicArrayTesting" "--gtest_filter=DynamicArrayGetTest.InvalidIndicesThrowExceptions" "--gtest_also_run_disabled_tests"
Directory: /mnt/c/Users/suman/Desktop/DS_Library/build
"DynamicArrayGetTest.InvalidIndicesThrowExceptions" start time: Jul 16 06:14 UTC
Output:
----------------------------------------------------------
Running main() from ./googletest/src/gtest_main.cc
Note: Google Test filter = DynamicArrayGetTest.InvalidIndicesThrowExceptions
[==========] Running 1 test from 1 test suite.
[----------] Global test environment set-up.
[----------] 1 test from DynamicArrayGetTest
[ RUN      ] DynamicArrayGetTest.InvalidIndicesThrowExceptions
[       OK ] DynamicArrayGetTest.InvalidIndicesThrowExceptions (0 ms)
[----------] 1 test from DynamicArrayGetTest (0 ms total)

[----------] Global test environment tear-down
[==========] 1 test from 1 test suite ran. (0 ms total)
[  PASSED  ] 1 test.
<end of output>
Test time =   0.01 sec
----------------------------------------------------------
Test Passed.
"DynamicArrayGetTest.InvalidIndicesThrowExceptions" end time: Jul 16 06:14 UTC
"DynamicArrayGetTest.InvalidIndicesThrowExceptions" time elapsed: 00:00:00
----------------------------------------------------------

48/254 Testing: DynamicArrayGetTest.ReturnedReferenceAllowsModification
48/254 Test: DynamicArrayGetTest.ReturnedReferenceAllowsModification
Command: "/mnt/c/Users/suman/Desktop/DS_Library/build/DynamicArrayTesting" "--gtest_filter=DynamicArrayGetTest.ReturnedReferenceAllowsModification" "--gtest_also_run_disabled_tests"
Directory: /mnt/c/Users/suman/Desktop/DS_Library/build
"DynamicArrayGetTest.ReturnedReferenceAllowsModification" start time: Jul 16 06:14 UTC
Output:
----------------------------------------------------------
Running main() from ./googletest/src/gtest_main.cc
Note: Google Test filter = DynamicArrayGetTest.ReturnedReferenceAllowsModification
[==========] Running 1 test from 1 test suite.
[----------] Global test environment set-up.
[----------] 1 test from DynamicArrayGetTest
[ RUN      ] DynamicArrayGetTest.ReturnedReferenceAllowsModification
[       OK ] DynamicArrayGetTest.ReturnedReferenceAllowsModification (0 ms)
[----------] 1 test from DynamicArrayGetTest (0 ms total)

[----------] Global test environment tear-down
[==========] 1 test from 1 test suite ran. (0 ms total)
[  PASSED  ] 1 test.
<end of output>
Test time =   0.01 sec
----------------------------------------------------------
Test Passed.
"DynamicArrayGetTest.ReturnedReferenceAllowsModification" end time: Jul 16 06:14 UTC
"DynamicArrayGetTest.ReturnedReferenceAllowsModification" time elapsed: 00:00:00
----------------------------------------------------------

49/254 Testing: DynamicArrayGetTest.WorksWithStringAndCustomObject
49/254 Test: DynamicArrayGetTest.WorksWithStringAndCustomObject
Command: "/mnt/c/Users/suman/Desktop/DS_Library/build/DynamicArrayTesting" "--gtest_filter=DynamicArrayGetTest.WorksWithStringAndCustomObject" "--gtest_also_run_disabled_tests"
Directory: /mnt/c/Users/suman/Desktop/DS_Library/build
"DynamicArrayGetTest.WorksWithStringAndCustomObject" start time: Jul 16 06:14 UTC
Output:
----------------------------------------------------------
Running main() from ./googletest/src/gtest_main.cc
Note: Google Test filter = DynamicArrayGetTest.WorksWithStringAndCustomObject
[==========] Running 1 test from 1 test suite.
[----------] Global test environment set-up.
[----------] 1 test from DynamicArrayGetTest
[ RUN      ] DynamicArrayGetTest.WorksWithStringAndCustomObject
[       OK ] DynamicArrayGetTest.WorksWithStringAndCustomObject (0 ms)
[----------] 1 test from DynamicArrayGetTest (0 ms total)

[----------] Global test environment tear-down
[==========] 1 test from 1 test suite ran. (0 ms total)
[  PASSED  ] 1 test.
<end of output>
Test time =   0.01 sec
----------------------------------------------------------
Test Passed.
"DynamicArrayGetTest.WorksWithStringAndCustomObject" end time: Jul 16 06:14 UTC
"DynamicArrayGetTest.WorksWithStringAndCustomObject" time elapsed: 00:00:00
----------------------------------------------------------

50/254 Testing: DynamicArrayOperatorBracketTest.AccessValidIndices
50/254 Test: DynamicArrayOperatorBracketTest.AccessValidIndices
Command: "/mnt/c/Users/suman/Desktop/DS_Library/build/DynamicArrayTesting" "--gtest_filter=DynamicArrayOperatorBracketTest.AccessValidIndices" "--gtest_also_run_disabled_tests"
Directory: /mnt/c/Users/suman/Desktop/DS_Library/build
"DynamicArrayOperatorBracketTest.AccessValidIndices" start time: Jul 16 06:14 UTC
Output:
----------------------------------------------------------
Running main() from ./googletest/src/gtest_main.cc
Note: Google Test filter = DynamicArrayOperatorBracketTest.AccessValidIndices
[==========] Running 1 test from 1 test suite.
[----------] Global test environment set-up.
[----------] 1 test from DynamicArrayOperatorBracketTest
[ RUN      ] DynamicArrayOperatorBracketTest.AccessValidIndices
[       OK ] DynamicArrayOperatorBracketTest.AccessValidIndices (0 ms)
[----------] 1 test from DynamicArrayOperatorBracketTest (0 ms total)

[----------] Global test environment tear-down
[==========] 1 test from 1 test suite ran. (0 ms total)
[  PASSED  ] 1 test.
<end of output>
Test time =   0.01 sec
----------------------------------------------------------
Test Passed.
"DynamicArrayOperatorBracketTest.AccessValidIndices" end time: Jul 16 06:14 UTC
"DynamicArrayOperatorBracketTest.AccessValidIndices" time elapsed: 00:00:00
----------------------------------------------------------

51/254 Testing: DynamicArrayOperatorBracketTest.InvalidIndicesThrowExceptions
51/254 Test: DynamicArrayOperatorBracketTest.InvalidIndicesThrowExceptions
Command: "/mnt/c/Users/suman/Desktop/DS_Library/build/DynamicArrayTesting" "--gtest_filter=DynamicArrayOperatorBracketTest.InvalidIndicesThrowExceptions" "--gtest_also_run_disabled_tests"
Directory: /mnt/c/Users/suman/Desktop/DS_Library/build
"DynamicArrayOperatorBracketTest.InvalidIndicesThrowExceptions" start time: Jul 16 06:14 UTC
Output:
----------------------------------------------------------
Running main() from ./googletest/src/gtest_main.cc
Note: Google Test filter = DynamicArrayOperatorBracketTest.InvalidIndicesThrowExceptions
[==========] Running 1 test from 1 test suite.
[----------] Global test environment set-up.
[----------] 1 test from DynamicArrayOperatorBracketTest
[ RUN      ] DynamicArrayOperatorBracketTest.InvalidIndicesThrowExceptions
[       OK ] DynamicArrayOperatorBracketTest.InvalidIndicesThrowExceptions (0 ms)
[----------] 1 test from DynamicArrayOperatorBracketTest (0 ms total)

[----------] Global test environment tear-down
[==========] 1 test from 1 test suite ran. (0 ms total)
[  PASSED  ] 1 test.
<end of output>
Test time =   0.01 sec
----------------------------------------------------------
Test Passed.
"DynamicArrayOperatorBracketTest.InvalidIndicesThrowExceptions" end time: Jul 16 06:14 UTC
"DynamicArrayOperatorBracketTest.InvalidIndicesThrowExceptions" time elapsed: 00:00:00
----------------------------------------------------------

52/254 Testing: DynamicArrayOperatorBracketTest.ReturnedReferenceAllowsModification
52/254 Test: DynamicArrayOperatorBracketTest.ReturnedReferenceAllowsModification
Command: "/mnt/c/Users/suman/Desktop/DS_Library/build/DynamicArrayTesting" "--gtest_filter=DynamicArrayOperatorBracketTest.ReturnedReferenceAllowsModification" "--gtest_also_run_disabled_tests"
Directory: /mnt/c/Users/suman/Desktop/DS_Library/build
"DynamicArrayOperatorBracketTest.ReturnedReferenceAllowsModification" start time: Jul 16 06:14 UTC
Output:
----------------------------------------------------------
Running main() from ./googletest/src/gtest_main.cc
Note: Google Test filter = DynamicArrayOperatorBracketTest.ReturnedReferenceAllowsModification
[==========] Running 1 test from 1 test suite.
[----------] Global test environment set-up.
[----------] 1 test from DynamicArrayOperatorBracketTest
[ RUN      ] DynamicArrayOperatorBracketTest.ReturnedReferenceAllowsModification
[       OK ] DynamicArrayOperatorBracketTest.ReturnedReferenceAllowsModification (0 ms)
[----------] 1 test from DynamicArrayOperatorBracketTest (0 ms total)

[----------] Global test environment tear-down
[==========] 1 test from 1 test suite ran. (0 ms total)
[  PASSED  ] 1 test.
<end of output>
Test time =   0.01 sec
----------------------------------------------------------
Test Passed.
"DynamicArrayOperatorBracketTest.ReturnedReferenceAllowsModification" end time: Jul 16 06:14 UTC
"DynamicArrayOperatorBracketTest.ReturnedReferenceAllowsModification" time elapsed: 00:00:00
----------------------------------------------------------

53/254 Testing: DynamicArrayOperatorBracketTest.ConstOperatorAccess
53/254 Test: DynamicArrayOperatorBracketTest.ConstOperatorAccess
Command: "/mnt/c/Users/suman/Desktop/DS_Library/build/DynamicArrayTesting" "--gtest_filter=DynamicArrayOperatorBracketTest.ConstOperatorAccess" "--gtest_also_run_disabled_tests"
Directory: /mnt/c/Users/suman/Desktop/DS_Library/build
"DynamicArrayOperatorBracketTest.ConstOperatorAccess" start time: Jul 16 06:14 UTC
Output:
----------------------------------------------------------
Running main() from ./googletest/src/gtest_main.cc
Note: Google Test filter = DynamicArrayOperatorBracketTest.ConstOperatorAccess
[==========] Running 1 test from 1 test suite.
[----------] Global test environment set-up.
[----------] 1 test from DynamicArrayOperatorBracketTest
[ RUN      ] DynamicArrayOperatorBracketTest.ConstOperatorAccess
[       OK ] DynamicArrayOperatorBracketTest.ConstOperatorAccess (0 ms)
[----------] 1 test from DynamicArrayOperatorBracketTest (0 ms total)

[----------] Global test environment tear-down
[==========] 1 test from 1 test suite ran. (0 ms total)
[  PASSED  ] 1 test.
<end of output>
Test time =   0.01 sec
----------------------------------------------------------
Test Passed.
"DynamicArrayOperatorBracketTest.ConstOperatorAccess" end time: Jul 16 06:14 UTC
"DynamicArrayOperatorBracketTest.ConstOperatorAccess" time elapsed: 00:00:00
----------------------------------------------------------

54/254 Testing: DynamicArrayOperatorBracketTest.WorksWithStringAndCustomObject
54/254 Test: DynamicArrayOperatorBracketTest.WorksWithStringAndCustomObject
Command: "/mnt/c/Users/suman/Desktop/DS_Library/build/DynamicArrayTesting" "--gtest_filter=DynamicArrayOperatorBracketTest.WorksWithStringAndCustomObject" "--gtest_also_run_disabled_tests"
Directory: /mnt/c/Users/suman/Desktop/DS_Library/build
"DynamicArrayOperatorBracketTest.WorksWithStringAndCustomObject" start time: Jul 16 06:14 UTC
Output:
----------------------------------------------------------
Running main() from ./googletest/src/gtest_main.cc
Note: Google Test filter = DynamicArrayOperatorBracketTest.WorksWithStringAndCustomObject
[==========] Running 1 test from 1 test suite.
[----------] Global test environment set-up.
[----------] 1 test from DynamicArrayOperatorBracketTest
[ RUN      ] DynamicArrayOperatorBracketTest.WorksWithStringAndCustomObject
[       OK ] DynamicArrayOperatorBracketTest.WorksWithStringAndCustomObject (0 ms)
[----------] 1 test from DynamicArrayOperatorBracketTest (0 ms total)

[----------] Global test environment tear-down
[==========] 1 test from 1 test suite ran. (0 ms total)
[  PASSED  ] 1 test.
<end of output>
Test time =   0.01 sec
----------------------------------------------------------
Test Passed.
"DynamicArrayOperatorBracketTest.WorksWithStringAndCustomObject" end time: Jul 16 06:14 UTC
"DynamicArrayOperatorBracketTest.WorksWithStringAndCustomObject" time elapsed: 00:00:00
----------------------------------------------------------

55/254 Testing: DynamicArrayCopyConstructorTest.CopyEmptyArray
55/254 Test: DynamicArrayCopyConstructorTest.CopyEmptyArray
Command: "/mnt/c/Users/suman/Desktop/DS_Library/build/DynamicArrayTesting" "--gtest_filter=DynamicArrayCopyConstructorTest.CopyEmptyArray" "--gtest_also_run_disabled_tests"
Directory: /mnt/c/Users/suman/Desktop/DS_Library/build
"DynamicArrayCopyConstructorTest.CopyEmptyArray" start time: Jul 16 06:14 UTC
Output:
----------------------------------------------------------
Running main() from ./googletest/src/gtest_main.cc
Note: Google Test filter = DynamicArrayCopyConstructorTest.CopyEmptyArray
[==========] Running 1 test from 1 test suite.
[----------] Global test environment set-up.
[----------] 1 test from DynamicArrayCopyConstructorTest
[ RUN      ] DynamicArrayCopyConstructorTest.CopyEmptyArray
[       OK ] DynamicArrayCopyConstructorTest.CopyEmptyArray (0 ms)
[----------] 1 test from DynamicArrayCopyConstructorTest (0 ms total)

[----------] Global test environment tear-down
[==========] 1 test from 1 test suite ran. (0 ms total)
[  PASSED  ] 1 test.
<end of output>
Test time =   0.01 sec
----------------------------------------------------------
Test Passed.
"DynamicArrayCopyConstructorTest.CopyEmptyArray" end time: Jul 16 06:14 UTC
"DynamicArrayCopyConstructorTest.CopyEmptyArray" time elapsed: 00:00:00
----------------------------------------------------------

56/254 Testing: DynamicArrayCopyConstructorTest.CreatesDeepCopy
56/254 Test: DynamicArrayCopyConstructorTest.CreatesDeepCopy
Command: "/mnt/c/Users/suman/Desktop/DS_Library/build/DynamicArrayTesting" "--gtest_filter=DynamicArrayCopyConstructorTest.CreatesDeepCopy" "--gtest_also_run_disabled_tests"
Directory: /mnt/c/Users/suman/Desktop/DS_Library/build
"DynamicArrayCopyConstructorTest.CreatesDeepCopy" start time: Jul 16 06:14 UTC
Output:
[...]
Output:
----------------------------------------------------------
Running main() from ./googletest/src/gtest_main.cc
Note: Google Test filter = RedisLiteRunTest.SetCommandStoresKeyValuePair
[==========] Running 1 test from 1 test suite.
[----------] Global test environment set-up.
[----------] 1 test from RedisLiteRunTest
[ RUN      ] RedisLiteRunTest.SetCommandStoresKeyValuePair
[       OK ] RedisLiteRunTest.SetCommandStoresKeyValuePair (0 ms)
[----------] 1 test from RedisLiteRunTest (0 ms total)

[----------] Global test environment tear-down
[==========] 1 test from 1 test suite ran. (0 ms total)
[  PASSED  ] 1 test.
<end of output>
Test time =   0.03 sec
----------------------------------------------------------
Test Passed.
"RedisLiteRunTest.SetCommandStoresKeyValuePair" end time: Jul 16 06:14 UTC
"RedisLiteRunTest.SetCommandStoresKeyValuePair" time elapsed: 00:00:00
----------------------------------------------------------

241/254 Testing: RedisLiteRunTest.DuplicateSetUpdatesExistingValue
241/254 Test: RedisLiteRunTest.DuplicateSetUpdatesExistingValue
Command: "/mnt/c/Users/suman/Desktop/DS_Library/build/RedisLiteTesting" "--gtest_filter=RedisLiteRunTest.DuplicateSetUpdatesExistingValue" "--gtest_also_run_disabled_tests"
Directory: /mnt/c/Users/suman/Desktop/DS_Library/build
"RedisLiteRunTest.DuplicateSetUpdatesExistingValue" start time: Jul 16 06:14 UTC
Output:
----------------------------------------------------------
Running main() from ./googletest/src/gtest_main.cc
Note: Google Test filter = RedisLiteRunTest.DuplicateSetUpdatesExistingValue
[==========] Running 1 test from 1 test suite.
[----------] Global test environment set-up.
[----------] 1 test from RedisLiteRunTest
[ RUN      ] RedisLiteRunTest.DuplicateSetUpdatesExistingValue
[       OK ] RedisLiteRunTest.DuplicateSetUpdatesExistingValue (0 ms)
[----------] 1 test from RedisLiteRunTest (0 ms total)

[----------] Global test environment tear-down
[==========] 1 test from 1 test suite ran. (0 ms total)
[  PASSED  ] 1 test.
<end of output>
Test time =   0.03 sec
----------------------------------------------------------
Test Passed.
"RedisLiteRunTest.DuplicateSetUpdatesExistingValue" end time: Jul 16 06:14 UTC
"RedisLiteRunTest.DuplicateSetUpdatesExistingValue" time elapsed: 00:00:00
----------------------------------------------------------

242/254 Testing: RedisLiteRunTest.ExistsCommandForExistingKey
242/254 Test: RedisLiteRunTest.ExistsCommandForExistingKey
Command: "/mnt/c/Users/suman/Desktop/DS_Library/build/RedisLiteTesting" "--gtest_filter=RedisLiteRunTest.ExistsCommandForExistingKey" "--gtest_also_run_disabled_tests"
Directory: /mnt/c/Users/suman/Desktop/DS_Library/build
"RedisLiteRunTest.ExistsCommandForExistingKey" start time: Jul 16 06:14 UTC
Output:
----------------------------------------------------------
Running main() from ./googletest/src/gtest_main.cc
Note: Google Test filter = RedisLiteRunTest.ExistsCommandForExistingKey
[==========] Running 1 test from 1 test suite.
[----------] Global test environment set-up.
[----------] 1 test from RedisLiteRunTest
[ RUN      ] RedisLiteRunTest.ExistsCommandForExistingKey
[       OK ] RedisLiteRunTest.ExistsCommandForExistingKey (0 ms)
[----------] 1 test from RedisLiteRunTest (0 ms total)

[----------] Global test environment tear-down
[==========] 1 test from 1 test suite ran. (0 ms total)
[  PASSED  ] 1 test.
<end of output>
Test time =   0.01 sec
----------------------------------------------------------
Test Passed.
"RedisLiteRunTest.ExistsCommandForExistingKey" end time: Jul 16 06:14 UTC
"RedisLiteRunTest.ExistsCommandForExistingKey" time elapsed: 00:00:00
----------------------------------------------------------

243/254 Testing: RedisLiteRunTest.ExistsCommandForMissingKey
243/254 Test: RedisLiteRunTest.ExistsCommandForMissingKey
Command: "/mnt/c/Users/suman/Desktop/DS_Library/build/RedisLiteTesting" "--gtest_filter=RedisLiteRunTest.ExistsCommandForMissingKey" "--gtest_also_run_disabled_tests"
Directory: /mnt/c/Users/suman/Desktop/DS_Library/build
"RedisLiteRunTest.ExistsCommandForMissingKey" start time: Jul 16 06:14 UTC
Output:
----------------------------------------------------------
Running main() from ./googletest/src/gtest_main.cc
Note: Google Test filter = RedisLiteRunTest.ExistsCommandForMissingKey
[==========] Running 1 test from 1 test suite.
[----------] Global test environment set-up.
[----------] 1 test from RedisLiteRunTest
[ RUN      ] RedisLiteRunTest.ExistsCommandForMissingKey
[       OK ] RedisLiteRunTest.ExistsCommandForMissingKey (0 ms)
[----------] 1 test from RedisLiteRunTest (0 ms total)

[----------] Global test environment tear-down
[==========] 1 test from 1 test suite ran. (1 ms total)
[  PASSED  ] 1 test.
<end of output>
Test time =   0.02 sec
----------------------------------------------------------
Test Passed.
"RedisLiteRunTest.ExistsCommandForMissingKey" end time: Jul 16 06:14 UTC
"RedisLiteRunTest.ExistsCommandForMissingKey" time elapsed: 00:00:00
----------------------------------------------------------

244/254 Testing: RedisLiteRunTest.DeleteCommandRemovesKey
244/254 Test: RedisLiteRunTest.DeleteCommandRemovesKey
Command: "/mnt/c/Users/suman/Desktop/DS_Library/build/RedisLiteTesting" "--gtest_filter=RedisLiteRunTest.DeleteCommandRemovesKey" "--gtest_also_run_disabled_tests"
Directory: /mnt/c/Users/suman/Desktop/DS_Library/build
"RedisLiteRunTest.DeleteCommandRemovesKey" start time: Jul 16 06:14 UTC
Output:
----------------------------------------------------------
Running main() from ./googletest/src/gtest_main.cc
Note: Google Test filter = RedisLiteRunTest.DeleteCommandRemovesKey
[==========] Running 1 test from 1 test suite.
[----------] Global test environment set-up.
[----------] 1 test from RedisLiteRunTest
[ RUN      ] RedisLiteRunTest.DeleteCommandRemovesKey
[       OK ] RedisLiteRunTest.DeleteCommandRemovesKey (0 ms)
[----------] 1 test from RedisLiteRunTest (0 ms total)

[----------] Global test environment tear-down
[==========] 1 test from 1 test suite ran. (0 ms total)
[  PASSED  ] 1 test.
<end of output>
Test time =   0.03 sec
----------------------------------------------------------
Test Passed.
"RedisLiteRunTest.DeleteCommandRemovesKey" end time: Jul 16 06:14 UTC
"RedisLiteRunTest.DeleteCommandRemovesKey" time elapsed: 00:00:00
----------------------------------------------------------

245/254 Testing: RedisLiteRunTest.CountCommandReturnsCorrectSize
245/254 Test: RedisLiteRunTest.CountCommandReturnsCorrectSize
Command: "/mnt/c/Users/suman/Desktop/DS_Library/build/RedisLiteTesting" "--gtest_filter=RedisLiteRunTest.CountCommandReturnsCorrectSize" "--gtest_also_run_disabled_tests"
Directory: /mnt/c/Users/suman/Desktop/DS_Library/build
"RedisLiteRunTest.CountCommandReturnsCorrectSize" start time: Jul 16 06:14 UTC
Output:
----------------------------------------------------------
Running main() from ./googletest/src/gtest_main.cc
Note: Google Test filter = RedisLiteRunTest.CountCommandReturnsCorrectSize
[==========] Running 1 test from 1 test suite.
[----------] Global test environment set-up.
[----------] 1 test from RedisLiteRunTest
[ RUN      ] RedisLiteRunTest.CountCommandReturnsCorrectSize
[       OK ] RedisLiteRunTest.CountCommandReturnsCorrectSize (0 ms)
[----------] 1 test from RedisLiteRunTest (0 ms total)

[----------] Global test environment tear-down
[==========] 1 test from 1 test suite ran. (0 ms total)
[  PASSED  ] 1 test.
<end of output>
Test time =   0.01 sec
----------------------------------------------------------
Test Passed.
"RedisLiteRunTest.CountCommandReturnsCorrectSize" end time: Jul 16 06:14 UTC
"RedisLiteRunTest.CountCommandReturnsCorrectSize" time elapsed: 00:00:00
----------------------------------------------------------

246/254 Testing: RedisLiteRunTest.ClearRemovesAllEntries
246/254 Test: RedisLiteRunTest.ClearRemovesAllEntries
Command: "/mnt/c/Users/suman/Desktop/DS_Library/build/RedisLiteTesting" "--gtest_filter=RedisLiteRunTest.ClearRemovesAllEntries" "--gtest_also_run_disabled_tests"
Directory: /mnt/c/Users/suman/Desktop/DS_Library/build
"RedisLiteRunTest.ClearRemovesAllEntries" start time: Jul 16 06:14 UTC
Output:
----------------------------------------------------------
Running main() from ./googletest/src/gtest_main.cc
Note: Google Test filter = RedisLiteRunTest.ClearRemovesAllEntries
[==========] Running 1 test from 1 test suite.
[----------] Global test environment set-up.
[----------] 1 test from RedisLiteRunTest
[ RUN      ] RedisLiteRunTest.ClearRemovesAllEntries
[       OK ] RedisLiteRunTest.ClearRemovesAllEntries (0 ms)
[----------] 1 test from RedisLiteRunTest (0 ms total)

[----------] Global test environment tear-down
[==========] 1 test from 1 test suite ran. (0 ms total)
[  PASSED  ] 1 test.
<end of output>
Test time =   0.01 sec
----------------------------------------------------------
Test Passed.
"RedisLiteRunTest.ClearRemovesAllEntries" end time: Jul 16 06:14 UTC
"RedisLiteRunTest.ClearRemovesAllEntries" time elapsed: 00:00:00
----------------------------------------------------------

247/254 Testing: RedisLiteRunTest.ShowDisplaysStoredEntries
247/254 Test: RedisLiteRunTest.ShowDisplaysStoredEntries
Command: "/mnt/c/Users/suman/Desktop/DS_Library/build/RedisLiteTesting" "--gtest_filter=RedisLiteRunTest.ShowDisplaysStoredEntries" "--gtest_also_run_disabled_tests"
Directory: /mnt/c/Users/suman/Desktop/DS_Library/build
"RedisLiteRunTest.ShowDisplaysStoredEntries" start time: Jul 16 06:14 UTC
Output:
----------------------------------------------------------
Running main() from ./googletest/src/gtest_main.cc
Note: Google Test filter = RedisLiteRunTest.ShowDisplaysStoredEntries
[==========] Running 1 test from 1 test suite.
[----------] Global test environment set-up.
[----------] 1 test from RedisLiteRunTest
[ RUN      ] RedisLiteRunTest.ShowDisplaysStoredEntries
[       OK ] RedisLiteRunTest.ShowDisplaysStoredEntries (0 ms)
[----------] 1 test from RedisLiteRunTest (0 ms total)

[----------] Global test environment tear-down
[==========] 1 test from 1 test suite ran. (0 ms total)
[  PASSED  ] 1 test.
<end of output>
Test time =   0.01 sec
----------------------------------------------------------
Test Passed.
"RedisLiteRunTest.ShowDisplaysStoredEntries" end time: Jul 16 06:14 UTC
"RedisLiteRunTest.ShowDisplaysStoredEntries" time elapsed: 00:00:00
----------------------------------------------------------

248/254 Testing: RedisLiteRunTest.HelpCommandDisplaysMenu
248/254 Test: RedisLiteRunTest.HelpCommandDisplaysMenu
Command: "/mnt/c/Users/suman/Desktop/DS_Library/build/RedisLiteTesting" "--gtest_filter=RedisLiteRunTest.HelpCommandDisplaysMenu" "--gtest_also_run_disabled_tests"
Directory: /mnt/c/Users/suman/Desktop/DS_Library/build
"RedisLiteRunTest.HelpCommandDisplaysMenu" start time: Jul 16 06:14 UTC
Output:
----------------------------------------------------------
Running main() from ./googletest/src/gtest_main.cc
Note: Google Test filter = RedisLiteRunTest.HelpCommandDisplaysMenu
[==========] Running 1 test from 1 test suite.
[----------] Global test environment set-up.
[----------] 1 test from RedisLiteRunTest
[ RUN      ] RedisLiteRunTest.HelpCommandDisplaysMenu
[       OK ] RedisLiteRunTest.HelpCommandDisplaysMenu (0 ms)
[----------] 1 test from RedisLiteRunTest (0 ms total)

[----------] Global test environment tear-down
[==========] 1 test from 1 test suite ran. (0 ms total)
[  PASSED  ] 1 test.
<end of output>
Test time =   0.01 sec
----------------------------------------------------------
Test Passed.
"RedisLiteRunTest.HelpCommandDisplaysMenu" end time: Jul 16 06:14 UTC
"RedisLiteRunTest.HelpCommandDisplaysMenu" time elapsed: 00:00:00
----------------------------------------------------------

249/254 Testing: RedisLiteRunTest.CommandsAreCaseInsensitive
249/254 Test: RedisLiteRunTest.CommandsAreCaseInsensitive
Command: "/mnt/c/Users/suman/Desktop/DS_Library/build/RedisLiteTesting" "--gtest_filter=RedisLiteRunTest.CommandsAreCaseInsensitive" "--gtest_also_run_disabled_tests"
Directory: /mnt/c/Users/suman/Desktop/DS_Library/build
"RedisLiteRunTest.CommandsAreCaseInsensitive" start time: Jul 16 06:14 UTC
Output:
----------------------------------------------------------
Running main() from ./googletest/src/gtest_main.cc
Note: Google Test filter = RedisLiteRunTest.CommandsAreCaseInsensitive
[==========] Running 1 test from 1 test suite.
[----------] Global test environment set-up.
[----------] 1 test from RedisLiteRunTest
[ RUN      ] RedisLiteRunTest.CommandsAreCaseInsensitive
[       OK ] RedisLiteRunTest.CommandsAreCaseInsensitive (0 ms)
[----------] 1 test from RedisLiteRunTest (0 ms total)

[----------] Global test environment tear-down
[==========] 1 test from 1 test suite ran. (0 ms total)
[  PASSED  ] 1 test.
<end of output>
Test time =   0.03 sec
----------------------------------------------------------
Test Passed.
"RedisLiteRunTest.CommandsAreCaseInsensitive" end time: Jul 16 06:14 UTC
"RedisLiteRunTest.CommandsAreCaseInsensitive" time elapsed: 00:00:00
----------------------------------------------------------

250/254 Testing: RedisLiteRunTest.IgnoresExtraSpacesBetweenTokens
250/254 Test: RedisLiteRunTest.IgnoresExtraSpacesBetweenTokens
Command: "/mnt/c/Users/suman/Desktop/DS_Library/build/RedisLiteTesting" "--gtest_filter=RedisLiteRunTest.IgnoresExtraSpacesBetweenTokens" "--gtest_also_run_disabled_tests"
Directory: /mnt/c/Users/suman/Desktop/DS_Library/build
"RedisLiteRunTest.IgnoresExtraSpacesBetweenTokens" start time: Jul 16 06:14 UTC
Output:
----------------------------------------------------------
Running main() from ./googletest/src/gtest_main.cc
Note: Google Test filter = RedisLiteRunTest.IgnoresExtraSpacesBetweenTokens
[==========] Running 1 test from 1 test suite.
[----------] Global test environment set-up.
[----------] 1 test from RedisLiteRunTest
[ RUN      ] RedisLiteRunTest.IgnoresExtraSpacesBetweenTokens
[       OK ] RedisLiteRunTest.IgnoresExtraSpacesBetweenTokens (0 ms)
[----------] 1 test from RedisLiteRunTest (0 ms total)

[----------] Global test environment tear-down
[==========] 1 test from 1 test suite ran. (0 ms total)
[  PASSED  ] 1 test.
<end of output>
Test time =   0.03 sec
----------------------------------------------------------
Test Passed.
"RedisLiteRunTest.IgnoresExtraSpacesBetweenTokens" end time: Jul 16 06:14 UTC
"RedisLiteRunTest.IgnoresExtraSpacesBetweenTokens" time elapsed: 00:00:00
----------------------------------------------------------

251/254 Testing: RedisLiteRunTest.EmptyInputShowsError
251/254 Test: RedisLiteRunTest.EmptyInputShowsError
Command: "/mnt/c/Users/suman/Desktop/DS_Library/build/RedisLiteTesting" "--gtest_filter=RedisLiteRunTest.EmptyInputShowsError" "--gtest_also_run_disabled_tests"
Directory: /mnt/c/Users/suman/Desktop/DS_Library/build
"RedisLiteRunTest.EmptyInputShowsError" start time: Jul 16 06:14 UTC
Output:
----------------------------------------------------------
Running main() from ./googletest/src/gtest_main.cc
Note: Google Test filter = RedisLiteRunTest.EmptyInputShowsError
[==========] Running 1 test from 1 test suite.
[----------] Global test environment set-up.
[----------] 1 test from RedisLiteRunTest
[ RUN      ] RedisLiteRunTest.EmptyInputShowsError
[       OK ] RedisLiteRunTest.EmptyInputShowsError (0 ms)
[----------] 1 test from RedisLiteRunTest (0 ms total)

[----------] Global test environment tear-down
[==========] 1 test from 1 test suite ran. (0 ms total)
[  PASSED  ] 1 test.
<end of output>
Test time =   0.03 sec
----------------------------------------------------------
Test Passed.
"RedisLiteRunTest.EmptyInputShowsError" end time: Jul 16 06:14 UTC
"RedisLiteRunTest.EmptyInputShowsError" time elapsed: 00:00:00
----------------------------------------------------------

252/254 Testing: RedisLiteRunTest.UnknownCommandShowsError
252/254 Test: RedisLiteRunTest.UnknownCommandShowsError
Command: "/mnt/c/Users/suman/Desktop/DS_Library/build/RedisLiteTesting" "--gtest_filter=RedisLiteRunTest.UnknownCommandShowsError" "--gtest_also_run_disabled_tests"
Directory: /mnt/c/Users/suman/Desktop/DS_Library/build
"RedisLiteRunTest.UnknownCommandShowsError" start time: Jul 16 06:14 UTC
Output:
----------------------------------------------------------
Running main() from ./googletest/src/gtest_main.cc
Note: Google Test filter = RedisLiteRunTest.UnknownCommandShowsError
[==========] Running 1 test from 1 test suite.
[----------] Global test environment set-up.
[----------] 1 test from RedisLiteRunTest
[ RUN      ] RedisLiteRunTest.UnknownCommandShowsError
[       OK ] RedisLiteRunTest.UnknownCommandShowsError (0 ms)
[----------] 1 test from RedisLiteRunTest (0 ms total)

[----------] Global test environment tear-down
[==========] 1 test from 1 test suite ran. (0 ms total)
[  PASSED  ] 1 test.
<end of output>
Test time =   0.02 sec
----------------------------------------------------------
Test Passed.
"RedisLiteRunTest.UnknownCommandShowsError" end time: Jul 16 06:14 UTC
"RedisLiteRunTest.UnknownCommandShowsError" time elapsed: 00:00:00
----------------------------------------------------------

253/254 Testing: RedisLiteRunTest.InvalidArgumentCountShowsUsage
253/254 Test: RedisLiteRunTest.InvalidArgumentCountShowsUsage
Command: "/mnt/c/Users/suman/Desktop/DS_Library/build/RedisLiteTesting" "--gtest_filter=RedisLiteRunTest.InvalidArgumentCountShowsUsage" "--gtest_also_run_disabled_tests"
Directory: /mnt/c/Users/suman/Desktop/DS_Library/build
"RedisLiteRunTest.InvalidArgumentCountShowsUsage" start time: Jul 16 06:14 UTC
Output:
----------------------------------------------------------
Running main() from ./googletest/src/gtest_main.cc
Note: Google Test filter = RedisLiteRunTest.InvalidArgumentCountShowsUsage
[==========] Running 1 test from 1 test suite.
[----------] Global test environment set-up.
[----------] 1 test from RedisLiteRunTest
[ RUN      ] RedisLiteRunTest.InvalidArgumentCountShowsUsage
[       OK ] RedisLiteRunTest.InvalidArgumentCountShowsUsage (0 ms)
[----------] 1 test from RedisLiteRunTest (0 ms total)

[----------] Global test environment tear-down
[==========] 1 test from 1 test suite ran. (0 ms total)
[  PASSED  ] 1 test.
<end of output>
Test time =   0.01 sec
----------------------------------------------------------
Test Passed.
"RedisLiteRunTest.InvalidArgumentCountShowsUsage" end time: Jul 16 06:14 UTC
"RedisLiteRunTest.InvalidArgumentCountShowsUsage" time elapsed: 00:00:00
----------------------------------------------------------

254/254 Testing: RedisLiteRunTest.ExceptionIsCaughtAndDisplayed
254/254 Test: RedisLiteRunTest.ExceptionIsCaughtAndDisplayed
Command: "/mnt/c/Users/suman/Desktop/DS_Library/build/RedisLiteTesting" "--gtest_filter=RedisLiteRunTest.ExceptionIsCaughtAndDisplayed" "--gtest_also_run_disabled_tests"
Directory: /mnt/c/Users/suman/Desktop/DS_Library/build
"RedisLiteRunTest.ExceptionIsCaughtAndDisplayed" start time: Jul 16 06:14 UTC
Output:
----------------------------------------------------------
Running main() from ./googletest/src/gtest_main.cc
Note: Google Test filter = RedisLiteRunTest.ExceptionIsCaughtAndDisplayed
[==========] Running 1 test from 1 test suite.
[----------] Global test environment set-up.
[----------] 1 test from RedisLiteRunTest
[ RUN      ] RedisLiteRunTest.ExceptionIsCaughtAndDisplayed
[       OK ] RedisLiteRunTest.ExceptionIsCaughtAndDisplayed (0 ms)
[----------] 1 test from RedisLiteRunTest (0 ms total)

[----------] Global test environment tear-down
[==========] 1 test from 1 test suite ran. (0 ms total)
[  PASSED  ] 1 test.
<end of output>
Test time =   0.02 sec
----------------------------------------------------------
Test Passed.
"RedisLiteRunTest.ExceptionIsCaughtAndDisplayed" end time: Jul 16 06:14 UTC
"RedisLiteRunTest.ExceptionIsCaughtAndDisplayed" time elapsed: 00:00:00
----------------------------------------------------------

End testing: Jul 16 06:14 UTC
